[DEBUG][23-03-14][io.netty.util.internal.logging.InternalLoggerFactory]Using SLF4J as the default logging framework
[DEBUG][23-03-14][io.netty.channel.MultithreadEventLoopGroup]-Dio.netty.eventLoopThreads: 16
[DEBUG][23-03-14][io.netty.util.internal.InternalThreadLocalMap]-Dio.netty.threadLocalMap.stringBuilder.initialSize: 1024
[DEBUG][23-03-14][io.netty.util.internal.InternalThreadLocalMap]-Dio.netty.threadLocalMap.stringBuilder.maxSize: 4096
[DEBUG][23-03-14][io.netty.channel.nio.NioEventLoop]-Dio.netty.noKeySetOptimization: false
[DEBUG][23-03-14][io.netty.channel.nio.NioEventLoop]-Dio.netty.selectorAutoRebuildThreshold: 512
[DEBUG][23-03-14][io.netty.util.internal.PlatformDependent0]-Dio.netty.noUnsafe: false
[DEBUG][23-03-14][io.netty.util.internal.PlatformDependent0]Java version: 8
[DEBUG][23-03-14][io.netty.util.internal.PlatformDependent0]sun.misc.Unsafe.theUnsafe: available
[DEBUG][23-03-14][io.netty.util.internal.PlatformDependent0]sun.misc.Unsafe.copyMemory: available
[DEBUG][23-03-14][io.netty.util.internal.PlatformDependent0]java.nio.Buffer.address: available
[DEBUG][23-03-14][io.netty.util.internal.PlatformDependent0]direct buffer constructor: available
[DEBUG][23-03-14][io.netty.util.internal.PlatformDependent0]java.nio.Bits.unaligned: available, true
[DEBUG][23-03-14][io.netty.util.internal.PlatformDependent0]jdk.internal.misc.Unsafe.allocateUninitializedArray(int): unavailable prior to Java9
[DEBUG][23-03-14][io.netty.util.internal.PlatformDependent0]java.nio.DirectByteBuffer.<init>(long, int): available
[DEBUG][23-03-14][io.netty.util.internal.PlatformDependent]sun.misc.Unsafe: available
[DEBUG][23-03-14][io.netty.util.internal.PlatformDependent]-Dio.netty.tmpdir: /var/folders/01/t4hjhv_x3hd872zl0swm_m4m0000gn/T (java.io.tmpdir)
[DEBUG][23-03-14][io.netty.util.internal.PlatformDependent]-Dio.netty.bitMode: 64 (sun.arch.data.model)
[DEBUG][23-03-14][io.netty.util.internal.PlatformDependent]Platform: MacOS
[DEBUG][23-03-14][io.netty.util.internal.PlatformDependent]-Dio.netty.maxDirectMemory: 1908932608 bytes
[DEBUG][23-03-14][io.netty.util.internal.PlatformDependent]-Dio.netty.uninitializedArrayAllocationThreshold: -1
[DEBUG][23-03-14][io.netty.util.internal.CleanerJava6]java.nio.ByteBuffer.cleaner(): available
[DEBUG][23-03-14][io.netty.util.internal.PlatformDependent]-Dio.netty.noPreferDirect: false
[DEBUG][23-03-14][io.netty.util.internal.PlatformDependent]org.jctools-core.MpscChunkedArrayQueue: available
[DEBUG][23-03-14][io.netty.channel.DefaultChannelId]-Dio.netty.processId: 75851 (auto-detected)
[DEBUG][23-03-14][io.netty.util.NetUtil]-Djava.net.preferIPv4Stack: false
[DEBUG][23-03-14][io.netty.util.NetUtil]-Djava.net.preferIPv6Addresses: false
[DEBUG][23-03-14][io.netty.util.NetUtilInitializations]Loopback interface: lo0 (lo0, 0:0:0:0:0:0:0:1%lo0)
[DEBUG][23-03-14][io.netty.util.NetUtil]Failed to get SOMAXCONN from sysctl and file /proc/sys/net/core/somaxconn. Default: 128
[DEBUG][23-03-14][io.netty.channel.DefaultChannelId]-Dio.netty.machineId: 50:ed:3c:ff:fe:03:e6:67 (auto-detected)
[DEBUG][23-03-14][io.netty.util.ResourceLeakDetector]-Dio.netty.leakDetection.level: simple
[DEBUG][23-03-14][io.netty.util.ResourceLeakDetector]-Dio.netty.leakDetection.targetRecords: 4
[DEBUG][23-03-14][io.netty.buffer.PooledByteBufAllocator]-Dio.netty.allocator.numHeapArenas: 16
[DEBUG][23-03-14][io.netty.buffer.PooledByteBufAllocator]-Dio.netty.allocator.numDirectArenas: 16
[DEBUG][23-03-14][io.netty.buffer.PooledByteBufAllocator]-Dio.netty.allocator.pageSize: 8192
[DEBUG][23-03-14][io.netty.buffer.PooledByteBufAllocator]-Dio.netty.allocator.maxOrder: 11
[DEBUG][23-03-14][io.netty.buffer.PooledByteBufAllocator]-Dio.netty.allocator.chunkSize: 16777216
[DEBUG][23-03-14][io.netty.buffer.PooledByteBufAllocator]-Dio.netty.allocator.smallCacheSize: 256
[DEBUG][23-03-14][io.netty.buffer.PooledByteBufAllocator]-Dio.netty.allocator.normalCacheSize: 64
[DEBUG][23-03-14][io.netty.buffer.PooledByteBufAllocator]-Dio.netty.allocator.maxCachedBufferCapacity: 32768
[DEBUG][23-03-14][io.netty.buffer.PooledByteBufAllocator]-Dio.netty.allocator.cacheTrimInterval: 8192
[DEBUG][23-03-14][io.netty.buffer.PooledByteBufAllocator]-Dio.netty.allocator.cacheTrimIntervalMillis: 0
[DEBUG][23-03-14][io.netty.buffer.PooledByteBufAllocator]-Dio.netty.allocator.useCacheForAllThreads: true
[DEBUG][23-03-14][io.netty.buffer.PooledByteBufAllocator]-Dio.netty.allocator.maxCachedByteBuffersPerChunk: 1023
[DEBUG][23-03-14][io.netty.buffer.ByteBufUtil]-Dio.netty.allocator.type: pooled
[DEBUG][23-03-14][io.netty.buffer.ByteBufUtil]-Dio.netty.threadLocalDirectBufferSize: 0
[DEBUG][23-03-14][io.netty.buffer.ByteBufUtil]-Dio.netty.maxThreadLocalCharBufferSize: 16384
[DEBUG][23-03-14][io.netty.util.internal.logging.InternalLoggerFactory]Using SLF4J as the default logging framework
[DEBUG][23-03-14][io.netty.channel.MultithreadEventLoopGroup]-Dio.netty.eventLoopThreads: 16
[DEBUG][23-03-14][io.netty.util.internal.InternalThreadLocalMap]-Dio.netty.threadLocalMap.stringBuilder.initialSize: 1024
[DEBUG][23-03-14][io.netty.util.internal.InternalThreadLocalMap]-Dio.netty.threadLocalMap.stringBuilder.maxSize: 4096
[DEBUG][23-03-14][io.netty.channel.nio.NioEventLoop]-Dio.netty.noKeySetOptimization: false
[DEBUG][23-03-14][io.netty.channel.nio.NioEventLoop]-Dio.netty.selectorAutoRebuildThreshold: 512
[DEBUG][23-03-14][io.netty.util.internal.PlatformDependent0]-Dio.netty.noUnsafe: false
[DEBUG][23-03-14][io.netty.util.internal.PlatformDependent0]Java version: 8
[DEBUG][23-03-14][io.netty.util.internal.PlatformDependent0]sun.misc.Unsafe.theUnsafe: available
[DEBUG][23-03-14][io.netty.util.internal.PlatformDependent0]sun.misc.Unsafe.copyMemory: available
[DEBUG][23-03-14][io.netty.util.internal.PlatformDependent0]java.nio.Buffer.address: available
[DEBUG][23-03-14][io.netty.util.internal.PlatformDependent0]direct buffer constructor: available
[DEBUG][23-03-14][io.netty.util.internal.PlatformDependent0]java.nio.Bits.unaligned: available, true
[DEBUG][23-03-14][io.netty.util.internal.PlatformDependent0]jdk.internal.misc.Unsafe.allocateUninitializedArray(int): unavailable prior to Java9
[DEBUG][23-03-14][io.netty.util.internal.PlatformDependent0]java.nio.DirectByteBuffer.<init>(long, int): available
[DEBUG][23-03-14][io.netty.util.internal.PlatformDependent]sun.misc.Unsafe: available
[DEBUG][23-03-14][io.netty.util.internal.PlatformDependent]-Dio.netty.tmpdir: /var/folders/01/t4hjhv_x3hd872zl0swm_m4m0000gn/T (java.io.tmpdir)
[DEBUG][23-03-14][io.netty.util.internal.PlatformDependent]-Dio.netty.bitMode: 64 (sun.arch.data.model)
[DEBUG][23-03-14][io.netty.util.internal.PlatformDependent]Platform: MacOS
[DEBUG][23-03-14][io.netty.util.internal.PlatformDependent]-Dio.netty.maxDirectMemory: 1908932608 bytes
[DEBUG][23-03-14][io.netty.util.internal.PlatformDependent]-Dio.netty.uninitializedArrayAllocationThreshold: -1
[DEBUG][23-03-14][io.netty.util.internal.CleanerJava6]java.nio.ByteBuffer.cleaner(): available
[DEBUG][23-03-14][io.netty.util.internal.PlatformDependent]-Dio.netty.noPreferDirect: false
[DEBUG][23-03-14][io.netty.util.internal.PlatformDependent]org.jctools-core.MpscChunkedArrayQueue: available
[DEBUG][23-03-14][io.netty.channel.DefaultChannelId]-Dio.netty.processId: 75865 (auto-detected)
[DEBUG][23-03-14][io.netty.util.NetUtil]-Djava.net.preferIPv4Stack: false
[DEBUG][23-03-14][io.netty.util.NetUtil]-Djava.net.preferIPv6Addresses: false
[DEBUG][23-03-14][io.netty.util.NetUtilInitializations]Loopback interface: lo0 (lo0, 0:0:0:0:0:0:0:1%lo0)
[DEBUG][23-03-14][io.netty.util.NetUtil]Failed to get SOMAXCONN from sysctl and file /proc/sys/net/core/somaxconn. Default: 128
[DEBUG][23-03-14][io.netty.channel.DefaultChannelId]-Dio.netty.machineId: 50:ed:3c:ff:fe:03:e6:67 (auto-detected)
[DEBUG][23-03-14][io.netty.util.ResourceLeakDetector]-Dio.netty.leakDetection.level: simple
[DEBUG][23-03-14][io.netty.util.ResourceLeakDetector]-Dio.netty.leakDetection.targetRecords: 4
[DEBUG][23-03-14][io.netty.buffer.PooledByteBufAllocator]-Dio.netty.allocator.numHeapArenas: 16
[DEBUG][23-03-14][io.netty.buffer.PooledByteBufAllocator]-Dio.netty.allocator.numDirectArenas: 16
[DEBUG][23-03-14][io.netty.buffer.PooledByteBufAllocator]-Dio.netty.allocator.pageSize: 8192
[DEBUG][23-03-14][io.netty.buffer.PooledByteBufAllocator]-Dio.netty.allocator.maxOrder: 11
[DEBUG][23-03-14][io.netty.buffer.PooledByteBufAllocator]-Dio.netty.allocator.chunkSize: 16777216
[DEBUG][23-03-14][io.netty.buffer.PooledByteBufAllocator]-Dio.netty.allocator.smallCacheSize: 256
[DEBUG][23-03-14][io.netty.buffer.PooledByteBufAllocator]-Dio.netty.allocator.normalCacheSize: 64
[DEBUG][23-03-14][io.netty.buffer.PooledByteBufAllocator]-Dio.netty.allocator.maxCachedBufferCapacity: 32768
[DEBUG][23-03-14][io.netty.buffer.PooledByteBufAllocator]-Dio.netty.allocator.cacheTrimInterval: 8192
[DEBUG][23-03-14][io.netty.buffer.PooledByteBufAllocator]-Dio.netty.allocator.cacheTrimIntervalMillis: 0
[DEBUG][23-03-14][io.netty.buffer.PooledByteBufAllocator]-Dio.netty.allocator.useCacheForAllThreads: true
[DEBUG][23-03-14][io.netty.buffer.PooledByteBufAllocator]-Dio.netty.allocator.maxCachedByteBuffersPerChunk: 1023
[DEBUG][23-03-14][io.netty.buffer.ByteBufUtil]-Dio.netty.allocator.type: pooled
[DEBUG][23-03-14][io.netty.buffer.ByteBufUtil]-Dio.netty.threadLocalDirectBufferSize: 0
[DEBUG][23-03-14][io.netty.buffer.ByteBufUtil]-Dio.netty.maxThreadLocalCharBufferSize: 16384
[DEBUG][23-03-14][io.netty.util.Recycler]-Dio.netty.recycler.maxCapacityPerThread: 4096
[DEBUG][23-03-14][io.netty.util.Recycler]-Dio.netty.recycler.maxSharedCapacityFactor: 2
[DEBUG][23-03-14][io.netty.util.Recycler]-Dio.netty.recycler.linkCapacity: 16
[DEBUG][23-03-14][io.netty.util.Recycler]-Dio.netty.recycler.ratio: 8
[DEBUG][23-03-14][io.netty.util.Recycler]-Dio.netty.recycler.delayedQueue.ratio: 8
[DEBUG][23-03-14][io.netty.buffer.AbstractByteBuf]-Dio.netty.buffer.checkAccessible: true
[DEBUG][23-03-14][io.netty.buffer.AbstractByteBuf]-Dio.netty.buffer.checkBounds: true
[DEBUG][23-03-14][io.netty.util.ResourceLeakDetectorFactory]Loaded default ResourceLeakDetector: io.netty.util.ResourceLeakDetector@547b25eb
[DEBUG][23-03-14][io.netty.util.Recycler]-Dio.netty.recycler.maxCapacityPerThread: 4096
[DEBUG][23-03-14][io.netty.util.Recycler]-Dio.netty.recycler.maxSharedCapacityFactor: 2
[DEBUG][23-03-14][io.netty.util.Recycler]-Dio.netty.recycler.linkCapacity: 16
[DEBUG][23-03-14][io.netty.util.Recycler]-Dio.netty.recycler.ratio: 8
[DEBUG][23-03-14][io.netty.util.Recycler]-Dio.netty.recycler.delayedQueue.ratio: 8
[DEBUG][23-03-14][io.netty.buffer.AbstractByteBuf]-Dio.netty.buffer.checkAccessible: true
[DEBUG][23-03-14][io.netty.buffer.AbstractByteBuf]-Dio.netty.buffer.checkBounds: true
[DEBUG][23-03-14][io.netty.util.ResourceLeakDetectorFactory]Loaded default ResourceLeakDetector: io.netty.util.ResourceLeakDetector@194c6f30
[DEBUG][23-03-23][io.netty.util.internal.logging.InternalLoggerFactory]Using SLF4J as the default logging framework
[DEBUG][23-03-23][io.netty.util.internal.logging.InternalLoggerFactory]Using SLF4J as the default logging framework
[DEBUG][23-03-25][io.netty.util.internal.logging.InternalLoggerFactory]Using SLF4J as the default logging framework
[DEBUG][23-03-25][io.netty.channel.MultithreadEventLoopGroup]-Dio.netty.eventLoopThreads: 16
[DEBUG][23-03-25][io.netty.util.internal.InternalThreadLocalMap]-Dio.netty.threadLocalMap.stringBuilder.initialSize: 1024
[DEBUG][23-03-25][io.netty.util.internal.InternalThreadLocalMap]-Dio.netty.threadLocalMap.stringBuilder.maxSize: 4096
[DEBUG][23-03-25][io.netty.channel.nio.NioEventLoop]-Dio.netty.noKeySetOptimization: false
[DEBUG][23-03-25][io.netty.channel.nio.NioEventLoop]-Dio.netty.selectorAutoRebuildThreshold: 512
[DEBUG][23-03-25][io.netty.util.internal.PlatformDependent0]-Dio.netty.noUnsafe: false
[DEBUG][23-03-25][io.netty.util.internal.PlatformDependent0]Java version: 8
[DEBUG][23-03-25][io.netty.util.internal.PlatformDependent0]sun.misc.Unsafe.theUnsafe: available
[DEBUG][23-03-25][io.netty.util.internal.PlatformDependent0]sun.misc.Unsafe.copyMemory: available
[DEBUG][23-03-25][io.netty.util.internal.PlatformDependent0]java.nio.Buffer.address: available
[DEBUG][23-03-25][io.netty.util.internal.PlatformDependent0]direct buffer constructor: available
[DEBUG][23-03-25][io.netty.util.internal.PlatformDependent0]java.nio.Bits.unaligned: available, true
[DEBUG][23-03-25][io.netty.util.internal.PlatformDependent0]jdk.internal.misc.Unsafe.allocateUninitializedArray(int): unavailable prior to Java9
[DEBUG][23-03-25][io.netty.util.internal.PlatformDependent0]java.nio.DirectByteBuffer.<init>(long, int): available
[DEBUG][23-03-25][io.netty.util.internal.PlatformDependent]sun.misc.Unsafe: available
[DEBUG][23-03-25][io.netty.util.internal.PlatformDependent]-Dio.netty.tmpdir: /var/folders/01/t4hjhv_x3hd872zl0swm_m4m0000gn/T (java.io.tmpdir)
[DEBUG][23-03-25][io.netty.util.internal.PlatformDependent]-Dio.netty.bitMode: 64 (sun.arch.data.model)
[DEBUG][23-03-25][io.netty.util.internal.PlatformDependent]Platform: MacOS
[DEBUG][23-03-25][io.netty.util.internal.PlatformDependent]-Dio.netty.maxDirectMemory: 1908932608 bytes
[DEBUG][23-03-25][io.netty.util.internal.PlatformDependent]-Dio.netty.uninitializedArrayAllocationThreshold: -1
[DEBUG][23-03-25][io.netty.util.internal.CleanerJava6]java.nio.ByteBuffer.cleaner(): available
[DEBUG][23-03-25][io.netty.util.internal.PlatformDependent]-Dio.netty.noPreferDirect: false
[DEBUG][23-03-25][io.netty.util.internal.PlatformDependent]org.jctools-core.MpscChunkedArrayQueue: available
[DEBUG][23-03-25][io.netty.channel.DefaultChannelId]-Dio.netty.processId: 3417 (auto-detected)
[DEBUG][23-03-25][io.netty.util.NetUtil]-Djava.net.preferIPv4Stack: false
[DEBUG][23-03-25][io.netty.util.NetUtil]-Djava.net.preferIPv6Addresses: false
[DEBUG][23-03-25][io.netty.util.NetUtilInitializations]Loopback interface: lo0 (lo0, 0:0:0:0:0:0:0:1%lo0)
[DEBUG][23-03-25][io.netty.util.NetUtil]Failed to get SOMAXCONN from sysctl and file /proc/sys/net/core/somaxconn. Default: 128
[DEBUG][23-03-25][io.netty.channel.DefaultChannelId]-Dio.netty.machineId: 50:ed:3c:ff:fe:03:e6:67 (auto-detected)
[DEBUG][23-03-25][io.netty.util.ResourceLeakDetector]-Dio.netty.leakDetection.level: simple
[DEBUG][23-03-25][io.netty.util.ResourceLeakDetector]-Dio.netty.leakDetection.targetRecords: 4
[DEBUG][23-03-25][io.netty.buffer.PooledByteBufAllocator]-Dio.netty.allocator.numHeapArenas: 16
[DEBUG][23-03-25][io.netty.buffer.PooledByteBufAllocator]-Dio.netty.allocator.numDirectArenas: 16
[DEBUG][23-03-25][io.netty.buffer.PooledByteBufAllocator]-Dio.netty.allocator.pageSize: 8192
[DEBUG][23-03-25][io.netty.buffer.PooledByteBufAllocator]-Dio.netty.allocator.maxOrder: 11
[DEBUG][23-03-25][io.netty.buffer.PooledByteBufAllocator]-Dio.netty.allocator.chunkSize: 16777216
[DEBUG][23-03-25][io.netty.buffer.PooledByteBufAllocator]-Dio.netty.allocator.smallCacheSize: 256
[DEBUG][23-03-25][io.netty.buffer.PooledByteBufAllocator]-Dio.netty.allocator.normalCacheSize: 64
[DEBUG][23-03-25][io.netty.buffer.PooledByteBufAllocator]-Dio.netty.allocator.maxCachedBufferCapacity: 32768
[DEBUG][23-03-25][io.netty.buffer.PooledByteBufAllocator]-Dio.netty.allocator.cacheTrimInterval: 8192
[DEBUG][23-03-25][io.netty.buffer.PooledByteBufAllocator]-Dio.netty.allocator.cacheTrimIntervalMillis: 0
[DEBUG][23-03-25][io.netty.buffer.PooledByteBufAllocator]-Dio.netty.allocator.useCacheForAllThreads: true
[DEBUG][23-03-25][io.netty.buffer.PooledByteBufAllocator]-Dio.netty.allocator.maxCachedByteBuffersPerChunk: 1023
[DEBUG][23-03-25][io.netty.buffer.ByteBufUtil]-Dio.netty.allocator.type: pooled
[DEBUG][23-03-25][io.netty.buffer.ByteBufUtil]-Dio.netty.threadLocalDirectBufferSize: 0
[DEBUG][23-03-25][io.netty.buffer.ByteBufUtil]-Dio.netty.maxThreadLocalCharBufferSize: 16384
[DEBUG][23-03-25][io.netty.util.internal.logging.InternalLoggerFactory]Using SLF4J as the default logging framework
[DEBUG][23-03-25][io.netty.channel.MultithreadEventLoopGroup]-Dio.netty.eventLoopThreads: 16
[DEBUG][23-03-25][io.netty.util.internal.InternalThreadLocalMap]-Dio.netty.threadLocalMap.stringBuilder.initialSize: 1024
[DEBUG][23-03-25][io.netty.util.internal.InternalThreadLocalMap]-Dio.netty.threadLocalMap.stringBuilder.maxSize: 4096
[DEBUG][23-03-25][io.netty.channel.nio.NioEventLoop]-Dio.netty.noKeySetOptimization: false
[DEBUG][23-03-25][io.netty.channel.nio.NioEventLoop]-Dio.netty.selectorAutoRebuildThreshold: 512
[DEBUG][23-03-25][io.netty.util.internal.PlatformDependent0]-Dio.netty.noUnsafe: false
[DEBUG][23-03-25][io.netty.util.internal.PlatformDependent0]Java version: 8
[DEBUG][23-03-25][io.netty.util.internal.PlatformDependent0]sun.misc.Unsafe.theUnsafe: available
[DEBUG][23-03-25][io.netty.util.internal.PlatformDependent0]sun.misc.Unsafe.copyMemory: available
[DEBUG][23-03-25][io.netty.util.internal.PlatformDependent0]java.nio.Buffer.address: available
[DEBUG][23-03-25][io.netty.util.internal.PlatformDependent0]direct buffer constructor: available
[DEBUG][23-03-25][io.netty.util.internal.PlatformDependent0]java.nio.Bits.unaligned: available, true
[DEBUG][23-03-25][io.netty.util.internal.PlatformDependent0]jdk.internal.misc.Unsafe.allocateUninitializedArray(int): unavailable prior to Java9
[DEBUG][23-03-25][io.netty.util.internal.PlatformDependent0]java.nio.DirectByteBuffer.<init>(long, int): available
[DEBUG][23-03-25][io.netty.util.internal.PlatformDependent]sun.misc.Unsafe: available
[DEBUG][23-03-25][io.netty.util.internal.PlatformDependent]-Dio.netty.tmpdir: /var/folders/01/t4hjhv_x3hd872zl0swm_m4m0000gn/T (java.io.tmpdir)
[DEBUG][23-03-25][io.netty.util.internal.PlatformDependent]-Dio.netty.bitMode: 64 (sun.arch.data.model)
[DEBUG][23-03-25][io.netty.util.internal.PlatformDependent]Platform: MacOS
[DEBUG][23-03-25][io.netty.util.internal.PlatformDependent]-Dio.netty.maxDirectMemory: 1908932608 bytes
[DEBUG][23-03-25][io.netty.util.internal.PlatformDependent]-Dio.netty.uninitializedArrayAllocationThreshold: -1
[DEBUG][23-03-25][io.netty.util.internal.CleanerJava6]java.nio.ByteBuffer.cleaner(): available
[DEBUG][23-03-25][io.netty.util.internal.PlatformDependent]-Dio.netty.noPreferDirect: false
[DEBUG][23-03-25][io.netty.util.internal.PlatformDependent]org.jctools-core.MpscChunkedArrayQueue: available
[DEBUG][23-03-25][io.netty.channel.DefaultChannelId]-Dio.netty.processId: 3422 (auto-detected)
[DEBUG][23-03-25][io.netty.util.NetUtil]-Djava.net.preferIPv4Stack: false
[DEBUG][23-03-25][io.netty.util.NetUtil]-Djava.net.preferIPv6Addresses: false
[DEBUG][23-03-25][io.netty.util.NetUtilInitializations]Loopback interface: lo0 (lo0, 0:0:0:0:0:0:0:1%lo0)
[DEBUG][23-03-25][io.netty.util.NetUtil]Failed to get SOMAXCONN from sysctl and file /proc/sys/net/core/somaxconn. Default: 128
[DEBUG][23-03-25][io.netty.channel.DefaultChannelId]-Dio.netty.machineId: 50:ed:3c:ff:fe:03:e6:67 (auto-detected)
[DEBUG][23-03-25][io.netty.util.ResourceLeakDetector]-Dio.netty.leakDetection.level: simple
[DEBUG][23-03-25][io.netty.util.ResourceLeakDetector]-Dio.netty.leakDetection.targetRecords: 4
[DEBUG][23-03-25][io.netty.buffer.PooledByteBufAllocator]-Dio.netty.allocator.numHeapArenas: 16
[DEBUG][23-03-25][io.netty.buffer.PooledByteBufAllocator]-Dio.netty.allocator.numDirectArenas: 16
[DEBUG][23-03-25][io.netty.buffer.PooledByteBufAllocator]-Dio.netty.allocator.pageSize: 8192
[DEBUG][23-03-25][io.netty.buffer.PooledByteBufAllocator]-Dio.netty.allocator.maxOrder: 11
[DEBUG][23-03-25][io.netty.buffer.PooledByteBufAllocator]-Dio.netty.allocator.chunkSize: 16777216
[DEBUG][23-03-25][io.netty.buffer.PooledByteBufAllocator]-Dio.netty.allocator.smallCacheSize: 256
[DEBUG][23-03-25][io.netty.buffer.PooledByteBufAllocator]-Dio.netty.allocator.normalCacheSize: 64
[DEBUG][23-03-25][io.netty.buffer.PooledByteBufAllocator]-Dio.netty.allocator.maxCachedBufferCapacity: 32768
[DEBUG][23-03-25][io.netty.buffer.PooledByteBufAllocator]-Dio.netty.allocator.cacheTrimInterval: 8192
[DEBUG][23-03-25][io.netty.buffer.PooledByteBufAllocator]-Dio.netty.allocator.cacheTrimIntervalMillis: 0
[DEBUG][23-03-25][io.netty.buffer.PooledByteBufAllocator]-Dio.netty.allocator.useCacheForAllThreads: true
[DEBUG][23-03-25][io.netty.buffer.PooledByteBufAllocator]-Dio.netty.allocator.maxCachedByteBuffersPerChunk: 1023
[DEBUG][23-03-25][io.netty.buffer.ByteBufUtil]-Dio.netty.allocator.type: pooled
[DEBUG][23-03-25][io.netty.buffer.ByteBufUtil]-Dio.netty.threadLocalDirectBufferSize: 0
[DEBUG][23-03-25][io.netty.buffer.ByteBufUtil]-Dio.netty.maxThreadLocalCharBufferSize: 16384
[DEBUG][23-03-25][io.netty.util.Recycler]-Dio.netty.recycler.maxCapacityPerThread: 4096
[DEBUG][23-03-25][io.netty.util.Recycler]-Dio.netty.recycler.maxSharedCapacityFactor: 2
[DEBUG][23-03-25][io.netty.util.Recycler]-Dio.netty.recycler.linkCapacity: 16
[DEBUG][23-03-25][io.netty.util.Recycler]-Dio.netty.recycler.ratio: 8
[DEBUG][23-03-25][io.netty.util.Recycler]-Dio.netty.recycler.delayedQueue.ratio: 8
[DEBUG][23-03-25][io.netty.buffer.AbstractByteBuf]-Dio.netty.buffer.checkAccessible: true
[DEBUG][23-03-25][io.netty.buffer.AbstractByteBuf]-Dio.netty.buffer.checkBounds: true
[DEBUG][23-03-25][io.netty.util.ResourceLeakDetectorFactory]Loaded default ResourceLeakDetector: io.netty.util.ResourceLeakDetector@5779e84d
[INFO][23-03-25][com.tinymq.remote.netty.NettyRemotingServer]the remote channel /127.0.0.1:54660 pipeline is active
[DEBUG][23-03-25][io.netty.util.Recycler]-Dio.netty.recycler.maxCapacityPerThread: 4096
[DEBUG][23-03-25][io.netty.util.Recycler]-Dio.netty.recycler.maxSharedCapacityFactor: 2
[DEBUG][23-03-25][io.netty.util.Recycler]-Dio.netty.recycler.linkCapacity: 16
[DEBUG][23-03-25][io.netty.util.Recycler]-Dio.netty.recycler.ratio: 8
[DEBUG][23-03-25][io.netty.util.Recycler]-Dio.netty.recycler.delayedQueue.ratio: 8
[DEBUG][23-03-25][io.netty.buffer.AbstractByteBuf]-Dio.netty.buffer.checkAccessible: true
[DEBUG][23-03-25][io.netty.buffer.AbstractByteBuf]-Dio.netty.buffer.checkBounds: true
[DEBUG][23-03-25][io.netty.util.ResourceLeakDetectorFactory]Loaded default ResourceLeakDetector: io.netty.util.ResourceLeakDetector@1bd83675
[WARN][23-03-25][io.netty.channel.DefaultChannelPipeline]An exceptionCaught() event was fired, and it reached at the tail of the pipeline. It usually means the last handler in the pipeline did not handle the exception.
java.io.IOException: Connection reset by peer
	at sun.nio.ch.FileDispatcherImpl.read0(Native Method)
	at sun.nio.ch.SocketDispatcher.read(SocketDispatcher.java:39)
	at sun.nio.ch.IOUtil.readIntoNativeBuffer(IOUtil.java:223)
	at sun.nio.ch.IOUtil.read(IOUtil.java:192)
	at sun.nio.ch.SocketChannelImpl.read(SocketChannelImpl.java:379)
	at io.netty.buffer.PooledByteBuf.setBytes(PooledByteBuf.java:253)
	at io.netty.buffer.AbstractByteBuf.writeBytes(AbstractByteBuf.java:1132)
	at io.netty.channel.socket.nio.NioSocketChannel.doReadBytes(NioSocketChannel.java:350)
	at io.netty.channel.nio.AbstractNioByteChannel$NioByteUnsafe.read(AbstractNioByteChannel.java:151)
	at io.netty.channel.nio.NioEventLoop.processSelectedKey(NioEventLoop.java:719)
	at io.netty.channel.nio.NioEventLoop.processSelectedKeysOptimized(NioEventLoop.java:655)
	at io.netty.channel.nio.NioEventLoop.processSelectedKeys(NioEventLoop.java:581)
	at io.netty.channel.nio.NioEventLoop.run(NioEventLoop.java:493)
	at io.netty.util.concurrent.SingleThreadEventExecutor$4.run(SingleThreadEventExecutor.java:986)
	at io.netty.util.internal.ThreadExecutorMap$2.run(ThreadExecutorMap.java:74)
	at java.lang.Thread.run(Thread.java:750)
[DEBUG][23-03-25][io.netty.util.internal.logging.InternalLoggerFactory]Using SLF4J as the default logging framework
[DEBUG][23-03-25][io.netty.channel.MultithreadEventLoopGroup]-Dio.netty.eventLoopThreads: 16
[DEBUG][23-03-25][io.netty.util.internal.InternalThreadLocalMap]-Dio.netty.threadLocalMap.stringBuilder.initialSize: 1024
[DEBUG][23-03-25][io.netty.util.internal.InternalThreadLocalMap]-Dio.netty.threadLocalMap.stringBuilder.maxSize: 4096
[DEBUG][23-03-25][io.netty.channel.nio.NioEventLoop]-Dio.netty.noKeySetOptimization: false
[DEBUG][23-03-25][io.netty.channel.nio.NioEventLoop]-Dio.netty.selectorAutoRebuildThreshold: 512
[DEBUG][23-03-25][io.netty.util.internal.PlatformDependent0]-Dio.netty.noUnsafe: false
[DEBUG][23-03-25][io.netty.util.internal.PlatformDependent0]Java version: 8
[DEBUG][23-03-25][io.netty.util.internal.PlatformDependent0]sun.misc.Unsafe.theUnsafe: available
[DEBUG][23-03-25][io.netty.util.internal.PlatformDependent0]sun.misc.Unsafe.copyMemory: available
[DEBUG][23-03-25][io.netty.util.internal.PlatformDependent0]java.nio.Buffer.address: available
[DEBUG][23-03-25][io.netty.util.internal.PlatformDependent0]direct buffer constructor: available
[DEBUG][23-03-25][io.netty.util.internal.PlatformDependent0]java.nio.Bits.unaligned: available, true
[DEBUG][23-03-25][io.netty.util.internal.PlatformDependent0]jdk.internal.misc.Unsafe.allocateUninitializedArray(int): unavailable prior to Java9
[DEBUG][23-03-25][io.netty.util.internal.PlatformDependent0]java.nio.DirectByteBuffer.<init>(long, int): available
[DEBUG][23-03-25][io.netty.util.internal.PlatformDependent]sun.misc.Unsafe: available
[DEBUG][23-03-25][io.netty.util.internal.PlatformDependent]-Dio.netty.tmpdir: /var/folders/01/t4hjhv_x3hd872zl0swm_m4m0000gn/T (java.io.tmpdir)
[DEBUG][23-03-25][io.netty.util.internal.PlatformDependent]-Dio.netty.bitMode: 64 (sun.arch.data.model)
[DEBUG][23-03-25][io.netty.util.internal.PlatformDependent]Platform: MacOS
[DEBUG][23-03-25][io.netty.util.internal.PlatformDependent]-Dio.netty.maxDirectMemory: 1908932608 bytes
[DEBUG][23-03-25][io.netty.util.internal.PlatformDependent]-Dio.netty.uninitializedArrayAllocationThreshold: -1
[DEBUG][23-03-25][io.netty.util.internal.CleanerJava6]java.nio.ByteBuffer.cleaner(): available
[DEBUG][23-03-25][io.netty.util.internal.PlatformDependent]-Dio.netty.noPreferDirect: false
[DEBUG][23-03-25][io.netty.util.internal.PlatformDependent]org.jctools-core.MpscChunkedArrayQueue: available
[DEBUG][23-03-25][io.netty.channel.DefaultChannelId]-Dio.netty.processId: 3455 (auto-detected)
[DEBUG][23-03-25][io.netty.util.NetUtil]-Djava.net.preferIPv4Stack: false
[DEBUG][23-03-25][io.netty.util.NetUtil]-Djava.net.preferIPv6Addresses: false
[DEBUG][23-03-25][io.netty.util.NetUtilInitializations]Loopback interface: lo0 (lo0, 0:0:0:0:0:0:0:1%lo0)
[DEBUG][23-03-25][io.netty.util.NetUtil]Failed to get SOMAXCONN from sysctl and file /proc/sys/net/core/somaxconn. Default: 128
[DEBUG][23-03-25][io.netty.channel.DefaultChannelId]-Dio.netty.machineId: 50:ed:3c:ff:fe:03:e6:67 (auto-detected)
[DEBUG][23-03-25][io.netty.util.ResourceLeakDetector]-Dio.netty.leakDetection.level: simple
[DEBUG][23-03-25][io.netty.util.ResourceLeakDetector]-Dio.netty.leakDetection.targetRecords: 4
[DEBUG][23-03-25][io.netty.buffer.PooledByteBufAllocator]-Dio.netty.allocator.numHeapArenas: 16
[DEBUG][23-03-25][io.netty.buffer.PooledByteBufAllocator]-Dio.netty.allocator.numDirectArenas: 16
[DEBUG][23-03-25][io.netty.buffer.PooledByteBufAllocator]-Dio.netty.allocator.pageSize: 8192
[DEBUG][23-03-25][io.netty.buffer.PooledByteBufAllocator]-Dio.netty.allocator.maxOrder: 11
[DEBUG][23-03-25][io.netty.buffer.PooledByteBufAllocator]-Dio.netty.allocator.chunkSize: 16777216
[DEBUG][23-03-25][io.netty.buffer.PooledByteBufAllocator]-Dio.netty.allocator.smallCacheSize: 256
[DEBUG][23-03-25][io.netty.buffer.PooledByteBufAllocator]-Dio.netty.allocator.normalCacheSize: 64
[DEBUG][23-03-25][io.netty.buffer.PooledByteBufAllocator]-Dio.netty.allocator.maxCachedBufferCapacity: 32768
[DEBUG][23-03-25][io.netty.buffer.PooledByteBufAllocator]-Dio.netty.allocator.cacheTrimInterval: 8192
[DEBUG][23-03-25][io.netty.buffer.PooledByteBufAllocator]-Dio.netty.allocator.cacheTrimIntervalMillis: 0
[DEBUG][23-03-25][io.netty.buffer.PooledByteBufAllocator]-Dio.netty.allocator.useCacheForAllThreads: true
[DEBUG][23-03-25][io.netty.buffer.PooledByteBufAllocator]-Dio.netty.allocator.maxCachedByteBuffersPerChunk: 1023
[DEBUG][23-03-25][io.netty.buffer.ByteBufUtil]-Dio.netty.allocator.type: pooled
[DEBUG][23-03-25][io.netty.buffer.ByteBufUtil]-Dio.netty.threadLocalDirectBufferSize: 0
[DEBUG][23-03-25][io.netty.buffer.ByteBufUtil]-Dio.netty.maxThreadLocalCharBufferSize: 16384
[DEBUG][23-03-25][io.netty.util.internal.logging.InternalLoggerFactory]Using SLF4J as the default logging framework
[DEBUG][23-03-25][io.netty.channel.MultithreadEventLoopGroup]-Dio.netty.eventLoopThreads: 16
[DEBUG][23-03-25][io.netty.util.internal.InternalThreadLocalMap]-Dio.netty.threadLocalMap.stringBuilder.initialSize: 1024
[DEBUG][23-03-25][io.netty.util.internal.InternalThreadLocalMap]-Dio.netty.threadLocalMap.stringBuilder.maxSize: 4096
[DEBUG][23-03-25][io.netty.channel.nio.NioEventLoop]-Dio.netty.noKeySetOptimization: false
[DEBUG][23-03-25][io.netty.channel.nio.NioEventLoop]-Dio.netty.selectorAutoRebuildThreshold: 512
[DEBUG][23-03-25][io.netty.util.internal.PlatformDependent0]-Dio.netty.noUnsafe: false
[DEBUG][23-03-25][io.netty.util.internal.PlatformDependent0]Java version: 8
[DEBUG][23-03-25][io.netty.util.internal.PlatformDependent0]sun.misc.Unsafe.theUnsafe: available
[DEBUG][23-03-25][io.netty.util.internal.PlatformDependent0]sun.misc.Unsafe.copyMemory: available
[DEBUG][23-03-25][io.netty.util.internal.PlatformDependent0]java.nio.Buffer.address: available
[DEBUG][23-03-25][io.netty.util.internal.PlatformDependent0]direct buffer constructor: available
[DEBUG][23-03-25][io.netty.util.internal.PlatformDependent0]java.nio.Bits.unaligned: available, true
[DEBUG][23-03-25][io.netty.util.internal.PlatformDependent0]jdk.internal.misc.Unsafe.allocateUninitializedArray(int): unavailable prior to Java9
[DEBUG][23-03-25][io.netty.util.internal.PlatformDependent0]java.nio.DirectByteBuffer.<init>(long, int): available
[DEBUG][23-03-25][io.netty.util.internal.PlatformDependent]sun.misc.Unsafe: available
[DEBUG][23-03-25][io.netty.util.internal.PlatformDependent]-Dio.netty.tmpdir: /var/folders/01/t4hjhv_x3hd872zl0swm_m4m0000gn/T (java.io.tmpdir)
[DEBUG][23-03-25][io.netty.util.internal.PlatformDependent]-Dio.netty.bitMode: 64 (sun.arch.data.model)
[DEBUG][23-03-25][io.netty.util.internal.PlatformDependent]Platform: MacOS
[DEBUG][23-03-25][io.netty.util.internal.PlatformDependent]-Dio.netty.maxDirectMemory: 1908932608 bytes
[DEBUG][23-03-25][io.netty.util.internal.PlatformDependent]-Dio.netty.uninitializedArrayAllocationThreshold: -1
[DEBUG][23-03-25][io.netty.util.internal.CleanerJava6]java.nio.ByteBuffer.cleaner(): available
[DEBUG][23-03-25][io.netty.util.internal.PlatformDependent]-Dio.netty.noPreferDirect: false
[DEBUG][23-03-25][io.netty.util.internal.PlatformDependent]org.jctools-core.MpscChunkedArrayQueue: available
[DEBUG][23-03-25][io.netty.channel.DefaultChannelId]-Dio.netty.processId: 3459 (auto-detected)
[DEBUG][23-03-25][io.netty.util.NetUtil]-Djava.net.preferIPv4Stack: false
[DEBUG][23-03-25][io.netty.util.NetUtil]-Djava.net.preferIPv6Addresses: false
[DEBUG][23-03-25][io.netty.util.NetUtilInitializations]Loopback interface: lo0 (lo0, 0:0:0:0:0:0:0:1%lo0)
[DEBUG][23-03-25][io.netty.util.NetUtil]Failed to get SOMAXCONN from sysctl and file /proc/sys/net/core/somaxconn. Default: 128
[DEBUG][23-03-25][io.netty.channel.DefaultChannelId]-Dio.netty.machineId: 50:ed:3c:ff:fe:03:e6:67 (auto-detected)
[DEBUG][23-03-25][io.netty.util.ResourceLeakDetector]-Dio.netty.leakDetection.level: simple
[DEBUG][23-03-25][io.netty.util.ResourceLeakDetector]-Dio.netty.leakDetection.targetRecords: 4
[DEBUG][23-03-25][io.netty.buffer.PooledByteBufAllocator]-Dio.netty.allocator.numHeapArenas: 16
[DEBUG][23-03-25][io.netty.buffer.PooledByteBufAllocator]-Dio.netty.allocator.numDirectArenas: 16
[DEBUG][23-03-25][io.netty.buffer.PooledByteBufAllocator]-Dio.netty.allocator.pageSize: 8192
[DEBUG][23-03-25][io.netty.buffer.PooledByteBufAllocator]-Dio.netty.allocator.maxOrder: 11
[DEBUG][23-03-25][io.netty.buffer.PooledByteBufAllocator]-Dio.netty.allocator.chunkSize: 16777216
[DEBUG][23-03-25][io.netty.buffer.PooledByteBufAllocator]-Dio.netty.allocator.smallCacheSize: 256
[DEBUG][23-03-25][io.netty.buffer.PooledByteBufAllocator]-Dio.netty.allocator.normalCacheSize: 64
[DEBUG][23-03-25][io.netty.buffer.PooledByteBufAllocator]-Dio.netty.allocator.maxCachedBufferCapacity: 32768
[DEBUG][23-03-25][io.netty.buffer.PooledByteBufAllocator]-Dio.netty.allocator.cacheTrimInterval: 8192
[DEBUG][23-03-25][io.netty.buffer.PooledByteBufAllocator]-Dio.netty.allocator.cacheTrimIntervalMillis: 0
[DEBUG][23-03-25][io.netty.buffer.PooledByteBufAllocator]-Dio.netty.allocator.useCacheForAllThreads: true
[DEBUG][23-03-25][io.netty.buffer.PooledByteBufAllocator]-Dio.netty.allocator.maxCachedByteBuffersPerChunk: 1023
[DEBUG][23-03-25][io.netty.buffer.ByteBufUtil]-Dio.netty.allocator.type: pooled
[DEBUG][23-03-25][io.netty.buffer.ByteBufUtil]-Dio.netty.threadLocalDirectBufferSize: 0
[DEBUG][23-03-25][io.netty.buffer.ByteBufUtil]-Dio.netty.maxThreadLocalCharBufferSize: 16384
[DEBUG][23-03-25][io.netty.util.Recycler]-Dio.netty.recycler.maxCapacityPerThread: 4096
[DEBUG][23-03-25][io.netty.util.Recycler]-Dio.netty.recycler.maxSharedCapacityFactor: 2
[DEBUG][23-03-25][io.netty.util.Recycler]-Dio.netty.recycler.linkCapacity: 16
[DEBUG][23-03-25][io.netty.util.Recycler]-Dio.netty.recycler.ratio: 8
[DEBUG][23-03-25][io.netty.util.Recycler]-Dio.netty.recycler.delayedQueue.ratio: 8
[DEBUG][23-03-25][io.netty.buffer.AbstractByteBuf]-Dio.netty.buffer.checkAccessible: true
[DEBUG][23-03-25][io.netty.buffer.AbstractByteBuf]-Dio.netty.buffer.checkBounds: true
[DEBUG][23-03-25][io.netty.util.ResourceLeakDetectorFactory]Loaded default ResourceLeakDetector: io.netty.util.ResourceLeakDetector@5779e84d
[INFO][23-03-25][com.tinymq.remote.netty.NettyRemotingServer]the remote channel 127.0.0.1:54667 pipeline is active
[DEBUG][23-03-25][io.netty.util.Recycler]-Dio.netty.recycler.maxCapacityPerThread: 4096
[DEBUG][23-03-25][io.netty.util.Recycler]-Dio.netty.recycler.maxSharedCapacityFactor: 2
[DEBUG][23-03-25][io.netty.util.Recycler]-Dio.netty.recycler.linkCapacity: 16
[DEBUG][23-03-25][io.netty.util.Recycler]-Dio.netty.recycler.ratio: 8
[DEBUG][23-03-25][io.netty.util.Recycler]-Dio.netty.recycler.delayedQueue.ratio: 8
[DEBUG][23-03-25][io.netty.buffer.AbstractByteBuf]-Dio.netty.buffer.checkAccessible: true
[DEBUG][23-03-25][io.netty.buffer.AbstractByteBuf]-Dio.netty.buffer.checkBounds: true
[DEBUG][23-03-25][io.netty.util.ResourceLeakDetectorFactory]Loaded default ResourceLeakDetector: io.netty.util.ResourceLeakDetector@1b09bf7a
[INFO][23-03-25][com.tinymq.remote.netty.NettyRemotingServer]server pipeline triggered idle event, in channel 127.0.0.1:54667
[INFO][23-03-25][com.tinymq.remote.netty.NettyRemotingServer]server pipeline triggered idle event, in channel 127.0.0.1:54667
[INFO][23-03-25][com.tinymq.remote.netty.NettyRemotingServer]server pipeline triggered idle event, in channel 127.0.0.1:54667
[INFO][23-03-25][com.tinymq.remote.netty.NettyRemotingServer]server pipeline triggered idle event, in channel 127.0.0.1:54667
[INFO][23-03-25][com.tinymq.remote.netty.NettyRemotingServer]server pipeline triggered idle event, in channel 127.0.0.1:54667
[INFO][23-03-25][com.tinymq.remote.netty.NettyRemotingServer]server pipeline triggered idle event, in channel 127.0.0.1:54667
[INFO][23-03-25][com.tinymq.remote.netty.NettyRemotingServer]server pipeline triggered idle event, in channel 127.0.0.1:54667
[INFO][23-03-25][com.tinymq.remote.netty.NettyRemotingServer]server pipeline triggered idle event, in channel 127.0.0.1:54667
[INFO][23-03-25][com.tinymq.remote.netty.NettyRemotingServer]server pipeline triggered idle event, in channel 127.0.0.1:54667
[INFO][23-03-25][com.tinymq.remote.netty.NettyRemotingServer]server pipeline triggered idle event, in channel 127.0.0.1:54667
[INFO][23-03-25][com.tinymq.remote.netty.NettyRemotingServer]server pipeline triggered idle event, in channel 127.0.0.1:54667
[INFO][23-03-25][com.tinymq.remote.netty.NettyRemotingServer]server pipeline triggered idle event, in channel 127.0.0.1:54667
[INFO][23-03-25][com.tinymq.remote.netty.NettyRemotingServer]server pipeline triggered idle event, in channel 127.0.0.1:54667
[INFO][23-03-25][com.tinymq.remote.netty.NettyRemotingServer]server pipeline triggered idle event, in channel 127.0.0.1:54667
[INFO][23-03-25][com.tinymq.remote.netty.NettyRemotingServer]server pipeline triggered idle event, in channel 127.0.0.1:54667
[INFO][23-03-25][com.tinymq.remote.netty.NettyRemotingServer]server pipeline triggered idle event, in channel 127.0.0.1:54667
[INFO][23-03-25][com.tinymq.remote.netty.NettyRemotingServer]server pipeline triggered idle event, in channel 127.0.0.1:54667
[INFO][23-03-25][com.tinymq.remote.netty.NettyRemotingServer]server pipeline triggered idle event, in channel 127.0.0.1:54667
[INFO][23-03-25][com.tinymq.remote.netty.NettyRemotingServer]server pipeline triggered idle event, in channel 127.0.0.1:54667
[INFO][23-03-25][com.tinymq.remote.netty.NettyRemotingServer]server pipeline triggered idle event, in channel 127.0.0.1:54667
[INFO][23-03-25][com.tinymq.remote.netty.NettyRemotingServer]server pipeline triggered idle event, in channel 127.0.0.1:54667
[INFO][23-03-25][com.tinymq.remote.netty.NettyRemotingServer]server pipeline triggered idle event, in channel 127.0.0.1:54667
[INFO][23-03-25][com.tinymq.remote.netty.NettyRemotingServer]server pipeline triggered idle event, in channel 127.0.0.1:54667
[INFO][23-03-25][com.tinymq.remote.netty.NettyRemotingServer]server pipeline triggered idle event, in channel 127.0.0.1:54667
[INFO][23-03-25][com.tinymq.remote.netty.NettyRemotingServer]server pipeline triggered idle event, in channel 127.0.0.1:54667
[INFO][23-03-25][com.tinymq.remote.netty.NettyRemotingServer]server pipeline triggered idle event, in channel 127.0.0.1:54667
[INFO][23-03-25][com.tinymq.remote.netty.NettyRemotingServer]server pipeline triggered idle event, in channel 127.0.0.1:54667
[INFO][23-03-25][com.tinymq.remote.netty.NettyRemotingServer]server pipeline triggered idle event, in channel 127.0.0.1:54667
[INFO][23-03-25][com.tinymq.remote.netty.NettyRemotingServer]server pipeline triggered idle event, in channel 127.0.0.1:54667
[INFO][23-03-25][com.tinymq.remote.netty.NettyRemotingServer]server pipeline triggered idle event, in channel 127.0.0.1:54667
[INFO][23-03-25][com.tinymq.remote.netty.NettyRemotingServer]server pipeline triggered idle event, in channel 127.0.0.1:54667
[INFO][23-03-25][com.tinymq.remote.netty.NettyRemotingServer]server pipeline triggered idle event, in channel 127.0.0.1:54667
[INFO][23-03-25][com.tinymq.remote.netty.NettyRemotingServer]server pipeline triggered idle event, in channel 127.0.0.1:54667
[INFO][23-03-25][com.tinymq.remote.netty.NettyRemotingServer]server pipeline triggered idle event, in channel 127.0.0.1:54667
[INFO][23-03-25][com.tinymq.remote.netty.NettyRemotingServer]server pipeline triggered idle event, in channel 127.0.0.1:54667
[INFO][23-03-25][com.tinymq.remote.netty.NettyRemotingServer]server pipeline triggered idle event, in channel 127.0.0.1:54667
[INFO][23-03-25][com.tinymq.remote.netty.NettyRemotingServer]server pipeline triggered idle event, in channel 127.0.0.1:54667
[INFO][23-03-25][com.tinymq.remote.netty.NettyRemotingServer]server pipeline triggered idle event, in channel 127.0.0.1:54667
[DEBUG][23-03-25][io.netty.util.internal.logging.InternalLoggerFactory]Using SLF4J as the default logging framework
[DEBUG][23-03-25][io.netty.channel.MultithreadEventLoopGroup]-Dio.netty.eventLoopThreads: 16
[DEBUG][23-03-25][io.netty.util.internal.InternalThreadLocalMap]-Dio.netty.threadLocalMap.stringBuilder.initialSize: 1024
[DEBUG][23-03-25][io.netty.util.internal.InternalThreadLocalMap]-Dio.netty.threadLocalMap.stringBuilder.maxSize: 4096
[DEBUG][23-03-25][io.netty.channel.nio.NioEventLoop]-Dio.netty.noKeySetOptimization: false
[DEBUG][23-03-25][io.netty.channel.nio.NioEventLoop]-Dio.netty.selectorAutoRebuildThreshold: 512
[DEBUG][23-03-25][io.netty.util.internal.PlatformDependent0]-Dio.netty.noUnsafe: false
[DEBUG][23-03-25][io.netty.util.internal.PlatformDependent0]Java version: 8
[DEBUG][23-03-25][io.netty.util.internal.PlatformDependent0]sun.misc.Unsafe.theUnsafe: available
[DEBUG][23-03-25][io.netty.util.internal.PlatformDependent0]sun.misc.Unsafe.copyMemory: available
[DEBUG][23-03-25][io.netty.util.internal.PlatformDependent0]java.nio.Buffer.address: available
[DEBUG][23-03-25][io.netty.util.internal.PlatformDependent0]direct buffer constructor: available
[DEBUG][23-03-25][io.netty.util.internal.PlatformDependent0]java.nio.Bits.unaligned: available, true
[DEBUG][23-03-25][io.netty.util.internal.PlatformDependent0]jdk.internal.misc.Unsafe.allocateUninitializedArray(int): unavailable prior to Java9
[DEBUG][23-03-25][io.netty.util.internal.PlatformDependent0]java.nio.DirectByteBuffer.<init>(long, int): available
[DEBUG][23-03-25][io.netty.util.internal.PlatformDependent]sun.misc.Unsafe: available
[DEBUG][23-03-25][io.netty.util.internal.PlatformDependent]-Dio.netty.tmpdir: /var/folders/01/t4hjhv_x3hd872zl0swm_m4m0000gn/T (java.io.tmpdir)
[DEBUG][23-03-25][io.netty.util.internal.PlatformDependent]-Dio.netty.bitMode: 64 (sun.arch.data.model)
[DEBUG][23-03-25][io.netty.util.internal.PlatformDependent]Platform: MacOS
[DEBUG][23-03-25][io.netty.util.internal.PlatformDependent]-Dio.netty.maxDirectMemory: 1908932608 bytes
[DEBUG][23-03-25][io.netty.util.internal.PlatformDependent]-Dio.netty.uninitializedArrayAllocationThreshold: -1
[DEBUG][23-03-25][io.netty.util.internal.CleanerJava6]java.nio.ByteBuffer.cleaner(): available
[DEBUG][23-03-25][io.netty.util.internal.PlatformDependent]-Dio.netty.noPreferDirect: false
[DEBUG][23-03-25][io.netty.util.internal.PlatformDependent]org.jctools-core.MpscChunkedArrayQueue: available
[DEBUG][23-03-25][io.netty.channel.DefaultChannelId]-Dio.netty.processId: 3529 (auto-detected)
[DEBUG][23-03-25][io.netty.util.NetUtil]-Djava.net.preferIPv4Stack: false
[DEBUG][23-03-25][io.netty.util.NetUtil]-Djava.net.preferIPv6Addresses: false
[DEBUG][23-03-25][io.netty.util.NetUtilInitializations]Loopback interface: lo0 (lo0, 0:0:0:0:0:0:0:1%lo0)
[DEBUG][23-03-25][io.netty.util.NetUtil]Failed to get SOMAXCONN from sysctl and file /proc/sys/net/core/somaxconn. Default: 128
[DEBUG][23-03-25][io.netty.channel.DefaultChannelId]-Dio.netty.machineId: 50:ed:3c:ff:fe:03:e6:67 (auto-detected)
[DEBUG][23-03-25][io.netty.util.ResourceLeakDetector]-Dio.netty.leakDetection.level: simple
[DEBUG][23-03-25][io.netty.util.ResourceLeakDetector]-Dio.netty.leakDetection.targetRecords: 4
[DEBUG][23-03-25][io.netty.buffer.PooledByteBufAllocator]-Dio.netty.allocator.numHeapArenas: 16
[DEBUG][23-03-25][io.netty.buffer.PooledByteBufAllocator]-Dio.netty.allocator.numDirectArenas: 16
[DEBUG][23-03-25][io.netty.buffer.PooledByteBufAllocator]-Dio.netty.allocator.pageSize: 8192
[DEBUG][23-03-25][io.netty.buffer.PooledByteBufAllocator]-Dio.netty.allocator.maxOrder: 11
[DEBUG][23-03-25][io.netty.buffer.PooledByteBufAllocator]-Dio.netty.allocator.chunkSize: 16777216
[DEBUG][23-03-25][io.netty.buffer.PooledByteBufAllocator]-Dio.netty.allocator.smallCacheSize: 256
[DEBUG][23-03-25][io.netty.buffer.PooledByteBufAllocator]-Dio.netty.allocator.normalCacheSize: 64
[DEBUG][23-03-25][io.netty.buffer.PooledByteBufAllocator]-Dio.netty.allocator.maxCachedBufferCapacity: 32768
[DEBUG][23-03-25][io.netty.buffer.PooledByteBufAllocator]-Dio.netty.allocator.cacheTrimInterval: 8192
[DEBUG][23-03-25][io.netty.buffer.PooledByteBufAllocator]-Dio.netty.allocator.cacheTrimIntervalMillis: 0
[DEBUG][23-03-25][io.netty.buffer.PooledByteBufAllocator]-Dio.netty.allocator.useCacheForAllThreads: true
[DEBUG][23-03-25][io.netty.buffer.PooledByteBufAllocator]-Dio.netty.allocator.maxCachedByteBuffersPerChunk: 1023
[DEBUG][23-03-25][io.netty.buffer.ByteBufUtil]-Dio.netty.allocator.type: pooled
[DEBUG][23-03-25][io.netty.buffer.ByteBufUtil]-Dio.netty.threadLocalDirectBufferSize: 0
[DEBUG][23-03-25][io.netty.buffer.ByteBufUtil]-Dio.netty.maxThreadLocalCharBufferSize: 16384
[DEBUG][23-03-25][io.netty.util.internal.logging.InternalLoggerFactory]Using SLF4J as the default logging framework
[DEBUG][23-03-25][io.netty.channel.MultithreadEventLoopGroup]-Dio.netty.eventLoopThreads: 16
[DEBUG][23-03-25][io.netty.util.internal.InternalThreadLocalMap]-Dio.netty.threadLocalMap.stringBuilder.initialSize: 1024
[DEBUG][23-03-25][io.netty.util.internal.InternalThreadLocalMap]-Dio.netty.threadLocalMap.stringBuilder.maxSize: 4096
[DEBUG][23-03-25][io.netty.channel.nio.NioEventLoop]-Dio.netty.noKeySetOptimization: false
[DEBUG][23-03-25][io.netty.channel.nio.NioEventLoop]-Dio.netty.selectorAutoRebuildThreshold: 512
[DEBUG][23-03-25][io.netty.util.internal.PlatformDependent0]-Dio.netty.noUnsafe: false
[DEBUG][23-03-25][io.netty.util.internal.PlatformDependent0]Java version: 8
[DEBUG][23-03-25][io.netty.util.internal.PlatformDependent0]sun.misc.Unsafe.theUnsafe: available
[DEBUG][23-03-25][io.netty.util.internal.PlatformDependent0]sun.misc.Unsafe.copyMemory: available
[DEBUG][23-03-25][io.netty.util.internal.PlatformDependent0]java.nio.Buffer.address: available
[DEBUG][23-03-25][io.netty.util.internal.PlatformDependent0]direct buffer constructor: available
[DEBUG][23-03-25][io.netty.util.internal.PlatformDependent0]java.nio.Bits.unaligned: available, true
[DEBUG][23-03-25][io.netty.util.internal.PlatformDependent0]jdk.internal.misc.Unsafe.allocateUninitializedArray(int): unavailable prior to Java9
[DEBUG][23-03-25][io.netty.util.internal.PlatformDependent0]java.nio.DirectByteBuffer.<init>(long, int): available
[DEBUG][23-03-25][io.netty.util.internal.PlatformDependent]sun.misc.Unsafe: available
[DEBUG][23-03-25][io.netty.util.internal.PlatformDependent]-Dio.netty.tmpdir: /var/folders/01/t4hjhv_x3hd872zl0swm_m4m0000gn/T (java.io.tmpdir)
[DEBUG][23-03-25][io.netty.util.internal.PlatformDependent]-Dio.netty.bitMode: 64 (sun.arch.data.model)
[DEBUG][23-03-25][io.netty.util.internal.PlatformDependent]Platform: MacOS
[DEBUG][23-03-25][io.netty.util.internal.PlatformDependent]-Dio.netty.maxDirectMemory: 1908932608 bytes
[DEBUG][23-03-25][io.netty.util.internal.PlatformDependent]-Dio.netty.uninitializedArrayAllocationThreshold: -1
[DEBUG][23-03-25][io.netty.util.internal.CleanerJava6]java.nio.ByteBuffer.cleaner(): available
[DEBUG][23-03-25][io.netty.util.internal.PlatformDependent]-Dio.netty.noPreferDirect: false
[DEBUG][23-03-25][io.netty.util.internal.PlatformDependent]org.jctools-core.MpscChunkedArrayQueue: available
[DEBUG][23-03-25][io.netty.channel.DefaultChannelId]-Dio.netty.processId: 3533 (auto-detected)
[DEBUG][23-03-25][io.netty.util.NetUtil]-Djava.net.preferIPv4Stack: false
[DEBUG][23-03-25][io.netty.util.NetUtil]-Djava.net.preferIPv6Addresses: false
[DEBUG][23-03-25][io.netty.util.NetUtilInitializations]Loopback interface: lo0 (lo0, 0:0:0:0:0:0:0:1%lo0)
[DEBUG][23-03-25][io.netty.util.NetUtil]Failed to get SOMAXCONN from sysctl and file /proc/sys/net/core/somaxconn. Default: 128
[DEBUG][23-03-25][io.netty.channel.DefaultChannelId]-Dio.netty.machineId: 50:ed:3c:ff:fe:03:e6:67 (auto-detected)
[DEBUG][23-03-25][io.netty.util.ResourceLeakDetector]-Dio.netty.leakDetection.level: simple
[DEBUG][23-03-25][io.netty.util.ResourceLeakDetector]-Dio.netty.leakDetection.targetRecords: 4
[DEBUG][23-03-25][io.netty.buffer.PooledByteBufAllocator]-Dio.netty.allocator.numHeapArenas: 16
[DEBUG][23-03-25][io.netty.buffer.PooledByteBufAllocator]-Dio.netty.allocator.numDirectArenas: 16
[DEBUG][23-03-25][io.netty.buffer.PooledByteBufAllocator]-Dio.netty.allocator.pageSize: 8192
[DEBUG][23-03-25][io.netty.buffer.PooledByteBufAllocator]-Dio.netty.allocator.maxOrder: 11
[DEBUG][23-03-25][io.netty.buffer.PooledByteBufAllocator]-Dio.netty.allocator.chunkSize: 16777216
[DEBUG][23-03-25][io.netty.buffer.PooledByteBufAllocator]-Dio.netty.allocator.smallCacheSize: 256
[DEBUG][23-03-25][io.netty.buffer.PooledByteBufAllocator]-Dio.netty.allocator.normalCacheSize: 64
[DEBUG][23-03-25][io.netty.buffer.PooledByteBufAllocator]-Dio.netty.allocator.maxCachedBufferCapacity: 32768
[DEBUG][23-03-25][io.netty.buffer.PooledByteBufAllocator]-Dio.netty.allocator.cacheTrimInterval: 8192
[DEBUG][23-03-25][io.netty.buffer.PooledByteBufAllocator]-Dio.netty.allocator.cacheTrimIntervalMillis: 0
[DEBUG][23-03-25][io.netty.buffer.PooledByteBufAllocator]-Dio.netty.allocator.useCacheForAllThreads: true
[DEBUG][23-03-25][io.netty.buffer.PooledByteBufAllocator]-Dio.netty.allocator.maxCachedByteBuffersPerChunk: 1023
[DEBUG][23-03-25][io.netty.buffer.ByteBufUtil]-Dio.netty.allocator.type: pooled
[DEBUG][23-03-25][io.netty.buffer.ByteBufUtil]-Dio.netty.threadLocalDirectBufferSize: 0
[DEBUG][23-03-25][io.netty.buffer.ByteBufUtil]-Dio.netty.maxThreadLocalCharBufferSize: 16384
[DEBUG][23-03-25][io.netty.util.Recycler]-Dio.netty.recycler.maxCapacityPerThread: 4096
[DEBUG][23-03-25][io.netty.util.Recycler]-Dio.netty.recycler.maxSharedCapacityFactor: 2
[DEBUG][23-03-25][io.netty.util.Recycler]-Dio.netty.recycler.linkCapacity: 16
[DEBUG][23-03-25][io.netty.util.Recycler]-Dio.netty.recycler.ratio: 8
[DEBUG][23-03-25][io.netty.util.Recycler]-Dio.netty.recycler.delayedQueue.ratio: 8
[DEBUG][23-03-25][io.netty.buffer.AbstractByteBuf]-Dio.netty.buffer.checkAccessible: true
[DEBUG][23-03-25][io.netty.buffer.AbstractByteBuf]-Dio.netty.buffer.checkBounds: true
[DEBUG][23-03-25][io.netty.util.ResourceLeakDetectorFactory]Loaded default ResourceLeakDetector: io.netty.util.ResourceLeakDetector@868445b
[INFO][23-03-25][com.tinymq.remote.netty.NettyRemotingServer]the remote channel 127.0.0.1:54801 pipeline is active
[DEBUG][23-03-25][io.netty.util.Recycler]-Dio.netty.recycler.maxCapacityPerThread: 4096
[DEBUG][23-03-25][io.netty.util.Recycler]-Dio.netty.recycler.maxSharedCapacityFactor: 2
[DEBUG][23-03-25][io.netty.util.Recycler]-Dio.netty.recycler.linkCapacity: 16
[DEBUG][23-03-25][io.netty.util.Recycler]-Dio.netty.recycler.ratio: 8
[DEBUG][23-03-25][io.netty.util.Recycler]-Dio.netty.recycler.delayedQueue.ratio: 8
[DEBUG][23-03-25][io.netty.buffer.AbstractByteBuf]-Dio.netty.buffer.checkAccessible: true
[DEBUG][23-03-25][io.netty.buffer.AbstractByteBuf]-Dio.netty.buffer.checkBounds: true
[DEBUG][23-03-25][io.netty.util.ResourceLeakDetectorFactory]Loaded default ResourceLeakDetector: io.netty.util.ResourceLeakDetector@1948c61b
[INFO][23-03-25][com.tinymq.remote.netty.NettyRemotingServer]server pipeline triggered idle event, in channel 127.0.0.1:54801, close channel
[INFO][23-03-25][com.tinymq.remote.netty.NettyRemotingServer]the remote channel 127.0.0.1:54801 pipeline is inactivate
[DEBUG][23-03-25][io.netty.util.internal.logging.InternalLoggerFactory]Using SLF4J as the default logging framework
[DEBUG][23-03-25][io.netty.channel.MultithreadEventLoopGroup]-Dio.netty.eventLoopThreads: 16
[DEBUG][23-03-25][io.netty.util.internal.InternalThreadLocalMap]-Dio.netty.threadLocalMap.stringBuilder.initialSize: 1024
[DEBUG][23-03-25][io.netty.util.internal.InternalThreadLocalMap]-Dio.netty.threadLocalMap.stringBuilder.maxSize: 4096
[DEBUG][23-03-25][io.netty.channel.nio.NioEventLoop]-Dio.netty.noKeySetOptimization: false
[DEBUG][23-03-25][io.netty.channel.nio.NioEventLoop]-Dio.netty.selectorAutoRebuildThreshold: 512
[DEBUG][23-03-25][io.netty.util.internal.PlatformDependent0]-Dio.netty.noUnsafe: false
[DEBUG][23-03-25][io.netty.util.internal.PlatformDependent0]Java version: 8
[DEBUG][23-03-25][io.netty.util.internal.PlatformDependent0]sun.misc.Unsafe.theUnsafe: available
[DEBUG][23-03-25][io.netty.util.internal.PlatformDependent0]sun.misc.Unsafe.copyMemory: available
[DEBUG][23-03-25][io.netty.util.internal.PlatformDependent0]java.nio.Buffer.address: available
[DEBUG][23-03-25][io.netty.util.internal.PlatformDependent0]direct buffer constructor: available
[DEBUG][23-03-25][io.netty.util.internal.PlatformDependent0]java.nio.Bits.unaligned: available, true
[DEBUG][23-03-25][io.netty.util.internal.PlatformDependent0]jdk.internal.misc.Unsafe.allocateUninitializedArray(int): unavailable prior to Java9
[DEBUG][23-03-25][io.netty.util.internal.PlatformDependent0]java.nio.DirectByteBuffer.<init>(long, int): available
[DEBUG][23-03-25][io.netty.util.internal.PlatformDependent]sun.misc.Unsafe: available
[DEBUG][23-03-25][io.netty.util.internal.PlatformDependent]-Dio.netty.tmpdir: /var/folders/01/t4hjhv_x3hd872zl0swm_m4m0000gn/T (java.io.tmpdir)
[DEBUG][23-03-25][io.netty.util.internal.PlatformDependent]-Dio.netty.bitMode: 64 (sun.arch.data.model)
[DEBUG][23-03-25][io.netty.util.internal.PlatformDependent]Platform: MacOS
[DEBUG][23-03-25][io.netty.util.internal.PlatformDependent]-Dio.netty.maxDirectMemory: 1908932608 bytes
[DEBUG][23-03-25][io.netty.util.internal.PlatformDependent]-Dio.netty.uninitializedArrayAllocationThreshold: -1
[DEBUG][23-03-25][io.netty.util.internal.CleanerJava6]java.nio.ByteBuffer.cleaner(): available
[DEBUG][23-03-25][io.netty.util.internal.PlatformDependent]-Dio.netty.noPreferDirect: false
[DEBUG][23-03-25][io.netty.util.internal.PlatformDependent]org.jctools-core.MpscChunkedArrayQueue: available
[DEBUG][23-03-25][io.netty.channel.DefaultChannelId]-Dio.netty.processId: 3540 (auto-detected)
[DEBUG][23-03-25][io.netty.util.NetUtil]-Djava.net.preferIPv4Stack: false
[DEBUG][23-03-25][io.netty.util.NetUtil]-Djava.net.preferIPv6Addresses: false
[DEBUG][23-03-25][io.netty.util.NetUtilInitializations]Loopback interface: lo0 (lo0, 0:0:0:0:0:0:0:1%lo0)
[DEBUG][23-03-25][io.netty.util.NetUtil]Failed to get SOMAXCONN from sysctl and file /proc/sys/net/core/somaxconn. Default: 128
[DEBUG][23-03-25][io.netty.channel.DefaultChannelId]-Dio.netty.machineId: 50:ed:3c:ff:fe:03:e6:67 (auto-detected)
[DEBUG][23-03-25][io.netty.util.ResourceLeakDetector]-Dio.netty.leakDetection.level: simple
[DEBUG][23-03-25][io.netty.util.ResourceLeakDetector]-Dio.netty.leakDetection.targetRecords: 4
[DEBUG][23-03-25][io.netty.buffer.PooledByteBufAllocator]-Dio.netty.allocator.numHeapArenas: 16
[DEBUG][23-03-25][io.netty.buffer.PooledByteBufAllocator]-Dio.netty.allocator.numDirectArenas: 16
[DEBUG][23-03-25][io.netty.buffer.PooledByteBufAllocator]-Dio.netty.allocator.pageSize: 8192
[DEBUG][23-03-25][io.netty.buffer.PooledByteBufAllocator]-Dio.netty.allocator.maxOrder: 11
[DEBUG][23-03-25][io.netty.buffer.PooledByteBufAllocator]-Dio.netty.allocator.chunkSize: 16777216
[DEBUG][23-03-25][io.netty.buffer.PooledByteBufAllocator]-Dio.netty.allocator.smallCacheSize: 256
[DEBUG][23-03-25][io.netty.buffer.PooledByteBufAllocator]-Dio.netty.allocator.normalCacheSize: 64
[DEBUG][23-03-25][io.netty.buffer.PooledByteBufAllocator]-Dio.netty.allocator.maxCachedBufferCapacity: 32768
[DEBUG][23-03-25][io.netty.buffer.PooledByteBufAllocator]-Dio.netty.allocator.cacheTrimInterval: 8192
[DEBUG][23-03-25][io.netty.buffer.PooledByteBufAllocator]-Dio.netty.allocator.cacheTrimIntervalMillis: 0
[DEBUG][23-03-25][io.netty.buffer.PooledByteBufAllocator]-Dio.netty.allocator.useCacheForAllThreads: true
[DEBUG][23-03-25][io.netty.buffer.PooledByteBufAllocator]-Dio.netty.allocator.maxCachedByteBuffersPerChunk: 1023
[DEBUG][23-03-25][io.netty.buffer.ByteBufUtil]-Dio.netty.allocator.type: pooled
[DEBUG][23-03-25][io.netty.buffer.ByteBufUtil]-Dio.netty.threadLocalDirectBufferSize: 0
[DEBUG][23-03-25][io.netty.buffer.ByteBufUtil]-Dio.netty.maxThreadLocalCharBufferSize: 16384
[DEBUG][23-03-25][io.netty.util.Recycler]-Dio.netty.recycler.maxCapacityPerThread: 4096
[DEBUG][23-03-25][io.netty.util.Recycler]-Dio.netty.recycler.maxSharedCapacityFactor: 2
[DEBUG][23-03-25][io.netty.util.Recycler]-Dio.netty.recycler.linkCapacity: 16
[DEBUG][23-03-25][io.netty.util.Recycler]-Dio.netty.recycler.ratio: 8
[DEBUG][23-03-25][io.netty.util.Recycler]-Dio.netty.recycler.delayedQueue.ratio: 8
[INFO][23-03-25][com.tinymq.remote.netty.NettyRemotingServer]the remote channel 127.0.0.1:54805 pipeline is active
[DEBUG][23-03-25][io.netty.buffer.AbstractByteBuf]-Dio.netty.buffer.checkAccessible: true
[DEBUG][23-03-25][io.netty.buffer.AbstractByteBuf]-Dio.netty.buffer.checkBounds: true
[DEBUG][23-03-25][io.netty.util.ResourceLeakDetectorFactory]Loaded default ResourceLeakDetector: io.netty.util.ResourceLeakDetector@65384137
[WARN][23-03-25][com.tinymq.remote.netty.NettyRemotingServer]server pipeline triggered idle event, in channel 127.0.0.1:54805, close channel
[INFO][23-03-25][com.tinymq.remote.netty.NettyRemotingServer]the remote channel 127.0.0.1:54805 pipeline is inactivate
[DEBUG][23-03-25][io.netty.util.internal.logging.InternalLoggerFactory]Using SLF4J as the default logging framework
[DEBUG][23-03-25][io.netty.channel.MultithreadEventLoopGroup]-Dio.netty.eventLoopThreads: 16
[DEBUG][23-03-25][io.netty.util.internal.InternalThreadLocalMap]-Dio.netty.threadLocalMap.stringBuilder.initialSize: 1024
[DEBUG][23-03-25][io.netty.util.internal.InternalThreadLocalMap]-Dio.netty.threadLocalMap.stringBuilder.maxSize: 4096
[DEBUG][23-03-25][io.netty.channel.nio.NioEventLoop]-Dio.netty.noKeySetOptimization: false
[DEBUG][23-03-25][io.netty.channel.nio.NioEventLoop]-Dio.netty.selectorAutoRebuildThreshold: 512
[DEBUG][23-03-25][io.netty.util.internal.PlatformDependent0]-Dio.netty.noUnsafe: false
[DEBUG][23-03-25][io.netty.util.internal.PlatformDependent0]Java version: 8
[DEBUG][23-03-25][io.netty.util.internal.PlatformDependent0]sun.misc.Unsafe.theUnsafe: available
[DEBUG][23-03-25][io.netty.util.internal.PlatformDependent0]sun.misc.Unsafe.copyMemory: available
[DEBUG][23-03-25][io.netty.util.internal.PlatformDependent0]java.nio.Buffer.address: available
[DEBUG][23-03-25][io.netty.util.internal.PlatformDependent0]direct buffer constructor: available
[DEBUG][23-03-25][io.netty.util.internal.PlatformDependent0]java.nio.Bits.unaligned: available, true
[DEBUG][23-03-25][io.netty.util.internal.PlatformDependent0]jdk.internal.misc.Unsafe.allocateUninitializedArray(int): unavailable prior to Java9
[DEBUG][23-03-25][io.netty.util.internal.PlatformDependent0]java.nio.DirectByteBuffer.<init>(long, int): available
[DEBUG][23-03-25][io.netty.util.internal.PlatformDependent]sun.misc.Unsafe: available
[DEBUG][23-03-25][io.netty.util.internal.PlatformDependent]-Dio.netty.tmpdir: /var/folders/01/t4hjhv_x3hd872zl0swm_m4m0000gn/T (java.io.tmpdir)
[DEBUG][23-03-25][io.netty.util.internal.PlatformDependent]-Dio.netty.bitMode: 64 (sun.arch.data.model)
[DEBUG][23-03-25][io.netty.util.internal.PlatformDependent]Platform: MacOS
[DEBUG][23-03-25][io.netty.util.internal.PlatformDependent]-Dio.netty.maxDirectMemory: 1908932608 bytes
[DEBUG][23-03-25][io.netty.util.internal.PlatformDependent]-Dio.netty.uninitializedArrayAllocationThreshold: -1
[DEBUG][23-03-25][io.netty.util.internal.CleanerJava6]java.nio.ByteBuffer.cleaner(): available
[DEBUG][23-03-25][io.netty.util.internal.PlatformDependent]-Dio.netty.noPreferDirect: false
[DEBUG][23-03-25][io.netty.util.internal.PlatformDependent]org.jctools-core.MpscChunkedArrayQueue: available
[DEBUG][23-03-25][io.netty.channel.DefaultChannelId]-Dio.netty.processId: 3565 (auto-detected)
[DEBUG][23-03-25][io.netty.util.NetUtil]-Djava.net.preferIPv4Stack: false
[DEBUG][23-03-25][io.netty.util.NetUtil]-Djava.net.preferIPv6Addresses: false
[DEBUG][23-03-25][io.netty.util.NetUtilInitializations]Loopback interface: lo0 (lo0, 0:0:0:0:0:0:0:1%lo0)
[DEBUG][23-03-25][io.netty.util.NetUtil]Failed to get SOMAXCONN from sysctl and file /proc/sys/net/core/somaxconn. Default: 128
[DEBUG][23-03-25][io.netty.channel.DefaultChannelId]-Dio.netty.machineId: 50:ed:3c:ff:fe:03:e6:67 (auto-detected)
[DEBUG][23-03-25][io.netty.util.ResourceLeakDetector]-Dio.netty.leakDetection.level: simple
[DEBUG][23-03-25][io.netty.util.ResourceLeakDetector]-Dio.netty.leakDetection.targetRecords: 4
[DEBUG][23-03-25][io.netty.buffer.PooledByteBufAllocator]-Dio.netty.allocator.numHeapArenas: 16
[DEBUG][23-03-25][io.netty.buffer.PooledByteBufAllocator]-Dio.netty.allocator.numDirectArenas: 16
[DEBUG][23-03-25][io.netty.buffer.PooledByteBufAllocator]-Dio.netty.allocator.pageSize: 8192
[DEBUG][23-03-25][io.netty.buffer.PooledByteBufAllocator]-Dio.netty.allocator.maxOrder: 11
[DEBUG][23-03-25][io.netty.buffer.PooledByteBufAllocator]-Dio.netty.allocator.chunkSize: 16777216
[DEBUG][23-03-25][io.netty.buffer.PooledByteBufAllocator]-Dio.netty.allocator.smallCacheSize: 256
[DEBUG][23-03-25][io.netty.buffer.PooledByteBufAllocator]-Dio.netty.allocator.normalCacheSize: 64
[DEBUG][23-03-25][io.netty.buffer.PooledByteBufAllocator]-Dio.netty.allocator.maxCachedBufferCapacity: 32768
[DEBUG][23-03-25][io.netty.buffer.PooledByteBufAllocator]-Dio.netty.allocator.cacheTrimInterval: 8192
[DEBUG][23-03-25][io.netty.buffer.PooledByteBufAllocator]-Dio.netty.allocator.cacheTrimIntervalMillis: 0
[DEBUG][23-03-25][io.netty.buffer.PooledByteBufAllocator]-Dio.netty.allocator.useCacheForAllThreads: true
[DEBUG][23-03-25][io.netty.buffer.PooledByteBufAllocator]-Dio.netty.allocator.maxCachedByteBuffersPerChunk: 1023
[DEBUG][23-03-25][io.netty.buffer.ByteBufUtil]-Dio.netty.allocator.type: pooled
[DEBUG][23-03-25][io.netty.buffer.ByteBufUtil]-Dio.netty.threadLocalDirectBufferSize: 0
[DEBUG][23-03-25][io.netty.buffer.ByteBufUtil]-Dio.netty.maxThreadLocalCharBufferSize: 16384
[DEBUG][23-03-25][io.netty.util.internal.logging.InternalLoggerFactory]Using SLF4J as the default logging framework
[DEBUG][23-03-25][io.netty.channel.MultithreadEventLoopGroup]-Dio.netty.eventLoopThreads: 16
[DEBUG][23-03-25][io.netty.util.internal.InternalThreadLocalMap]-Dio.netty.threadLocalMap.stringBuilder.initialSize: 1024
[DEBUG][23-03-25][io.netty.util.internal.InternalThreadLocalMap]-Dio.netty.threadLocalMap.stringBuilder.maxSize: 4096
[DEBUG][23-03-25][io.netty.channel.nio.NioEventLoop]-Dio.netty.noKeySetOptimization: false
[DEBUG][23-03-25][io.netty.channel.nio.NioEventLoop]-Dio.netty.selectorAutoRebuildThreshold: 512
[DEBUG][23-03-25][io.netty.util.internal.PlatformDependent0]-Dio.netty.noUnsafe: false
[DEBUG][23-03-25][io.netty.util.internal.PlatformDependent0]Java version: 8
[DEBUG][23-03-25][io.netty.util.internal.PlatformDependent0]sun.misc.Unsafe.theUnsafe: available
[DEBUG][23-03-25][io.netty.util.internal.PlatformDependent0]sun.misc.Unsafe.copyMemory: available
[DEBUG][23-03-25][io.netty.util.internal.PlatformDependent0]java.nio.Buffer.address: available
[DEBUG][23-03-25][io.netty.util.internal.PlatformDependent0]direct buffer constructor: available
[DEBUG][23-03-25][io.netty.util.internal.PlatformDependent0]java.nio.Bits.unaligned: available, true
[DEBUG][23-03-25][io.netty.util.internal.PlatformDependent0]jdk.internal.misc.Unsafe.allocateUninitializedArray(int): unavailable prior to Java9
[DEBUG][23-03-25][io.netty.util.internal.PlatformDependent0]java.nio.DirectByteBuffer.<init>(long, int): available
[DEBUG][23-03-25][io.netty.util.internal.PlatformDependent]sun.misc.Unsafe: available
[DEBUG][23-03-25][io.netty.util.internal.PlatformDependent]-Dio.netty.tmpdir: /var/folders/01/t4hjhv_x3hd872zl0swm_m4m0000gn/T (java.io.tmpdir)
[DEBUG][23-03-25][io.netty.util.internal.PlatformDependent]-Dio.netty.bitMode: 64 (sun.arch.data.model)
[DEBUG][23-03-25][io.netty.util.internal.PlatformDependent]Platform: MacOS
[DEBUG][23-03-25][io.netty.util.internal.PlatformDependent]-Dio.netty.maxDirectMemory: 1908932608 bytes
[DEBUG][23-03-25][io.netty.util.internal.PlatformDependent]-Dio.netty.uninitializedArrayAllocationThreshold: -1
[DEBUG][23-03-25][io.netty.util.internal.CleanerJava6]java.nio.ByteBuffer.cleaner(): available
[DEBUG][23-03-25][io.netty.util.internal.PlatformDependent]-Dio.netty.noPreferDirect: false
[DEBUG][23-03-25][io.netty.util.internal.PlatformDependent]org.jctools-core.MpscChunkedArrayQueue: available
[DEBUG][23-03-25][io.netty.channel.DefaultChannelId]-Dio.netty.processId: 3576 (auto-detected)
[DEBUG][23-03-25][io.netty.util.NetUtil]-Djava.net.preferIPv4Stack: false
[DEBUG][23-03-25][io.netty.util.NetUtil]-Djava.net.preferIPv6Addresses: false
[DEBUG][23-03-25][io.netty.util.NetUtilInitializations]Loopback interface: lo0 (lo0, 0:0:0:0:0:0:0:1%lo0)
[DEBUG][23-03-25][io.netty.util.NetUtil]Failed to get SOMAXCONN from sysctl and file /proc/sys/net/core/somaxconn. Default: 128
[DEBUG][23-03-25][io.netty.channel.DefaultChannelId]-Dio.netty.machineId: 50:ed:3c:ff:fe:03:e6:67 (auto-detected)
[DEBUG][23-03-25][io.netty.util.ResourceLeakDetector]-Dio.netty.leakDetection.level: simple
[DEBUG][23-03-25][io.netty.util.ResourceLeakDetector]-Dio.netty.leakDetection.targetRecords: 4
[DEBUG][23-03-25][io.netty.buffer.PooledByteBufAllocator]-Dio.netty.allocator.numHeapArenas: 16
[DEBUG][23-03-25][io.netty.buffer.PooledByteBufAllocator]-Dio.netty.allocator.numDirectArenas: 16
[DEBUG][23-03-25][io.netty.buffer.PooledByteBufAllocator]-Dio.netty.allocator.pageSize: 8192
[DEBUG][23-03-25][io.netty.buffer.PooledByteBufAllocator]-Dio.netty.allocator.maxOrder: 11
[DEBUG][23-03-25][io.netty.buffer.PooledByteBufAllocator]-Dio.netty.allocator.chunkSize: 16777216
[DEBUG][23-03-25][io.netty.buffer.PooledByteBufAllocator]-Dio.netty.allocator.smallCacheSize: 256
[DEBUG][23-03-25][io.netty.buffer.PooledByteBufAllocator]-Dio.netty.allocator.normalCacheSize: 64
[DEBUG][23-03-25][io.netty.buffer.PooledByteBufAllocator]-Dio.netty.allocator.maxCachedBufferCapacity: 32768
[DEBUG][23-03-25][io.netty.buffer.PooledByteBufAllocator]-Dio.netty.allocator.cacheTrimInterval: 8192
[DEBUG][23-03-25][io.netty.buffer.PooledByteBufAllocator]-Dio.netty.allocator.cacheTrimIntervalMillis: 0
[DEBUG][23-03-25][io.netty.buffer.PooledByteBufAllocator]-Dio.netty.allocator.useCacheForAllThreads: true
[DEBUG][23-03-25][io.netty.buffer.PooledByteBufAllocator]-Dio.netty.allocator.maxCachedByteBuffersPerChunk: 1023
[DEBUG][23-03-25][io.netty.buffer.ByteBufUtil]-Dio.netty.allocator.type: pooled
[DEBUG][23-03-25][io.netty.buffer.ByteBufUtil]-Dio.netty.threadLocalDirectBufferSize: 0
[DEBUG][23-03-25][io.netty.buffer.ByteBufUtil]-Dio.netty.maxThreadLocalCharBufferSize: 16384
[INFO][23-03-25][com.tinymq.remote.netty.NettyRemotingClient]create channel successfully: 127.0.0.1:7800
[DEBUG][23-03-25][io.netty.util.Recycler]-Dio.netty.recycler.maxCapacityPerThread: 4096
[DEBUG][23-03-25][io.netty.util.Recycler]-Dio.netty.recycler.maxSharedCapacityFactor: 2
[DEBUG][23-03-25][io.netty.util.Recycler]-Dio.netty.recycler.linkCapacity: 16
[DEBUG][23-03-25][io.netty.util.Recycler]-Dio.netty.recycler.ratio: 8
[DEBUG][23-03-25][io.netty.util.Recycler]-Dio.netty.recycler.delayedQueue.ratio: 8
[DEBUG][23-03-25][io.netty.buffer.AbstractByteBuf]-Dio.netty.buffer.checkAccessible: true
[DEBUG][23-03-25][io.netty.buffer.AbstractByteBuf]-Dio.netty.buffer.checkBounds: true
[DEBUG][23-03-25][io.netty.util.ResourceLeakDetectorFactory]Loaded default ResourceLeakDetector: io.netty.util.ResourceLeakDetector@6544ed57
[INFO][23-03-25][com.tinymq.remote.netty.NettyRemotingServer]the remote channel 127.0.0.1:54850 pipeline is active
[DEBUG][23-03-25][io.netty.util.Recycler]-Dio.netty.recycler.maxCapacityPerThread: 4096
[DEBUG][23-03-25][io.netty.util.Recycler]-Dio.netty.recycler.maxSharedCapacityFactor: 2
[DEBUG][23-03-25][io.netty.util.Recycler]-Dio.netty.recycler.linkCapacity: 16
[DEBUG][23-03-25][io.netty.util.Recycler]-Dio.netty.recycler.ratio: 8
[DEBUG][23-03-25][io.netty.util.Recycler]-Dio.netty.recycler.delayedQueue.ratio: 8
[DEBUG][23-03-25][io.netty.buffer.AbstractByteBuf]-Dio.netty.buffer.checkAccessible: true
[DEBUG][23-03-25][io.netty.buffer.AbstractByteBuf]-Dio.netty.buffer.checkBounds: true
[DEBUG][23-03-25][io.netty.util.ResourceLeakDetectorFactory]Loaded default ResourceLeakDetector: io.netty.util.ResourceLeakDetector@1ac6c13a
[WARN][23-03-25][com.tinymq.remote.netty.NettyRemotingServer]server pipeline triggered idle event, in channel 127.0.0.1:54850, close channel
[INFO][23-03-25][com.tinymq.remote.netty.NettyRemotingServer]the remote channel 127.0.0.1:54850 pipeline is inactivate
[DEBUG][23-03-25][io.netty.util.internal.logging.InternalLoggerFactory]Using SLF4J as the default logging framework
[DEBUG][23-03-25][io.netty.channel.MultithreadEventLoopGroup]-Dio.netty.eventLoopThreads: 16
[DEBUG][23-03-25][io.netty.util.internal.InternalThreadLocalMap]-Dio.netty.threadLocalMap.stringBuilder.initialSize: 1024
[DEBUG][23-03-25][io.netty.util.internal.InternalThreadLocalMap]-Dio.netty.threadLocalMap.stringBuilder.maxSize: 4096
[DEBUG][23-03-25][io.netty.channel.nio.NioEventLoop]-Dio.netty.noKeySetOptimization: false
[DEBUG][23-03-25][io.netty.channel.nio.NioEventLoop]-Dio.netty.selectorAutoRebuildThreshold: 512
[DEBUG][23-03-25][io.netty.util.internal.PlatformDependent0]-Dio.netty.noUnsafe: false
[DEBUG][23-03-25][io.netty.util.internal.PlatformDependent0]Java version: 8
[DEBUG][23-03-25][io.netty.util.internal.PlatformDependent0]sun.misc.Unsafe.theUnsafe: available
[DEBUG][23-03-25][io.netty.util.internal.PlatformDependent0]sun.misc.Unsafe.copyMemory: available
[DEBUG][23-03-25][io.netty.util.internal.PlatformDependent0]java.nio.Buffer.address: available
[DEBUG][23-03-25][io.netty.util.internal.PlatformDependent0]direct buffer constructor: available
[DEBUG][23-03-25][io.netty.util.internal.PlatformDependent0]java.nio.Bits.unaligned: available, true
[DEBUG][23-03-25][io.netty.util.internal.PlatformDependent0]jdk.internal.misc.Unsafe.allocateUninitializedArray(int): unavailable prior to Java9
[DEBUG][23-03-25][io.netty.util.internal.PlatformDependent0]java.nio.DirectByteBuffer.<init>(long, int): available
[DEBUG][23-03-25][io.netty.util.internal.PlatformDependent]sun.misc.Unsafe: available
[DEBUG][23-03-25][io.netty.util.internal.PlatformDependent]-Dio.netty.tmpdir: /var/folders/01/t4hjhv_x3hd872zl0swm_m4m0000gn/T (java.io.tmpdir)
[DEBUG][23-03-25][io.netty.util.internal.PlatformDependent]-Dio.netty.bitMode: 64 (sun.arch.data.model)
[DEBUG][23-03-25][io.netty.util.internal.PlatformDependent]Platform: MacOS
[DEBUG][23-03-25][io.netty.util.internal.PlatformDependent]-Dio.netty.maxDirectMemory: 1908932608 bytes
[DEBUG][23-03-25][io.netty.util.internal.PlatformDependent]-Dio.netty.uninitializedArrayAllocationThreshold: -1
[DEBUG][23-03-25][io.netty.util.internal.CleanerJava6]java.nio.ByteBuffer.cleaner(): available
[DEBUG][23-03-25][io.netty.util.internal.PlatformDependent]-Dio.netty.noPreferDirect: false
[DEBUG][23-03-25][io.netty.util.internal.PlatformDependent]org.jctools-core.MpscChunkedArrayQueue: available
[DEBUG][23-03-25][io.netty.channel.DefaultChannelId]-Dio.netty.processId: 3583 (auto-detected)
[DEBUG][23-03-25][io.netty.util.NetUtil]-Djava.net.preferIPv4Stack: false
[DEBUG][23-03-25][io.netty.util.NetUtil]-Djava.net.preferIPv6Addresses: false
[DEBUG][23-03-25][io.netty.util.NetUtilInitializations]Loopback interface: lo0 (lo0, 0:0:0:0:0:0:0:1%lo0)
[DEBUG][23-03-25][io.netty.util.NetUtil]Failed to get SOMAXCONN from sysctl and file /proc/sys/net/core/somaxconn. Default: 128
[DEBUG][23-03-25][io.netty.channel.DefaultChannelId]-Dio.netty.machineId: 50:ed:3c:ff:fe:03:e6:67 (auto-detected)
[DEBUG][23-03-25][io.netty.util.ResourceLeakDetector]-Dio.netty.leakDetection.level: simple
[DEBUG][23-03-25][io.netty.util.ResourceLeakDetector]-Dio.netty.leakDetection.targetRecords: 4
[DEBUG][23-03-25][io.netty.buffer.PooledByteBufAllocator]-Dio.netty.allocator.numHeapArenas: 16
[DEBUG][23-03-25][io.netty.buffer.PooledByteBufAllocator]-Dio.netty.allocator.numDirectArenas: 16
[DEBUG][23-03-25][io.netty.buffer.PooledByteBufAllocator]-Dio.netty.allocator.pageSize: 8192
[DEBUG][23-03-25][io.netty.buffer.PooledByteBufAllocator]-Dio.netty.allocator.maxOrder: 11
[DEBUG][23-03-25][io.netty.buffer.PooledByteBufAllocator]-Dio.netty.allocator.chunkSize: 16777216
[DEBUG][23-03-25][io.netty.buffer.PooledByteBufAllocator]-Dio.netty.allocator.smallCacheSize: 256
[DEBUG][23-03-25][io.netty.buffer.PooledByteBufAllocator]-Dio.netty.allocator.normalCacheSize: 64
[DEBUG][23-03-25][io.netty.buffer.PooledByteBufAllocator]-Dio.netty.allocator.maxCachedBufferCapacity: 32768
[DEBUG][23-03-25][io.netty.buffer.PooledByteBufAllocator]-Dio.netty.allocator.cacheTrimInterval: 8192
[DEBUG][23-03-25][io.netty.buffer.PooledByteBufAllocator]-Dio.netty.allocator.cacheTrimIntervalMillis: 0
[DEBUG][23-03-25][io.netty.buffer.PooledByteBufAllocator]-Dio.netty.allocator.useCacheForAllThreads: true
[DEBUG][23-03-25][io.netty.buffer.PooledByteBufAllocator]-Dio.netty.allocator.maxCachedByteBuffersPerChunk: 1023
[DEBUG][23-03-25][io.netty.buffer.ByteBufUtil]-Dio.netty.allocator.type: pooled
[DEBUG][23-03-25][io.netty.buffer.ByteBufUtil]-Dio.netty.threadLocalDirectBufferSize: 0
[DEBUG][23-03-25][io.netty.buffer.ByteBufUtil]-Dio.netty.maxThreadLocalCharBufferSize: 16384
[DEBUG][23-03-25][io.netty.util.internal.logging.InternalLoggerFactory]Using SLF4J as the default logging framework
[DEBUG][23-03-25][io.netty.channel.MultithreadEventLoopGroup]-Dio.netty.eventLoopThreads: 16
[DEBUG][23-03-25][io.netty.util.internal.InternalThreadLocalMap]-Dio.netty.threadLocalMap.stringBuilder.initialSize: 1024
[DEBUG][23-03-25][io.netty.util.internal.InternalThreadLocalMap]-Dio.netty.threadLocalMap.stringBuilder.maxSize: 4096
[DEBUG][23-03-25][io.netty.channel.nio.NioEventLoop]-Dio.netty.noKeySetOptimization: false
[DEBUG][23-03-25][io.netty.channel.nio.NioEventLoop]-Dio.netty.selectorAutoRebuildThreshold: 512
[DEBUG][23-03-25][io.netty.util.internal.PlatformDependent0]-Dio.netty.noUnsafe: false
[DEBUG][23-03-25][io.netty.util.internal.PlatformDependent0]Java version: 8
[DEBUG][23-03-25][io.netty.util.internal.PlatformDependent0]sun.misc.Unsafe.theUnsafe: available
[DEBUG][23-03-25][io.netty.util.internal.PlatformDependent0]sun.misc.Unsafe.copyMemory: available
[DEBUG][23-03-25][io.netty.util.internal.PlatformDependent0]java.nio.Buffer.address: available
[DEBUG][23-03-25][io.netty.util.internal.PlatformDependent0]direct buffer constructor: available
[DEBUG][23-03-25][io.netty.util.internal.PlatformDependent0]java.nio.Bits.unaligned: available, true
[DEBUG][23-03-25][io.netty.util.internal.PlatformDependent0]jdk.internal.misc.Unsafe.allocateUninitializedArray(int): unavailable prior to Java9
[DEBUG][23-03-25][io.netty.util.internal.PlatformDependent0]java.nio.DirectByteBuffer.<init>(long, int): available
[DEBUG][23-03-25][io.netty.util.internal.PlatformDependent]sun.misc.Unsafe: available
[DEBUG][23-03-25][io.netty.util.internal.PlatformDependent]-Dio.netty.tmpdir: /var/folders/01/t4hjhv_x3hd872zl0swm_m4m0000gn/T (java.io.tmpdir)
[DEBUG][23-03-25][io.netty.util.internal.PlatformDependent]-Dio.netty.bitMode: 64 (sun.arch.data.model)
[DEBUG][23-03-25][io.netty.util.internal.PlatformDependent]Platform: MacOS
[DEBUG][23-03-25][io.netty.util.internal.PlatformDependent]-Dio.netty.maxDirectMemory: 1908932608 bytes
[DEBUG][23-03-25][io.netty.util.internal.PlatformDependent]-Dio.netty.uninitializedArrayAllocationThreshold: -1
[DEBUG][23-03-25][io.netty.util.internal.CleanerJava6]java.nio.ByteBuffer.cleaner(): available
[DEBUG][23-03-25][io.netty.util.internal.PlatformDependent]-Dio.netty.noPreferDirect: false
[DEBUG][23-03-25][io.netty.util.internal.PlatformDependent]org.jctools-core.MpscChunkedArrayQueue: available
[DEBUG][23-03-25][io.netty.channel.DefaultChannelId]-Dio.netty.processId: 3587 (auto-detected)
[DEBUG][23-03-25][io.netty.util.NetUtil]-Djava.net.preferIPv4Stack: false
[DEBUG][23-03-25][io.netty.util.NetUtil]-Djava.net.preferIPv6Addresses: false
[DEBUG][23-03-25][io.netty.util.NetUtilInitializations]Loopback interface: lo0 (lo0, 0:0:0:0:0:0:0:1%lo0)
[DEBUG][23-03-25][io.netty.util.NetUtil]Failed to get SOMAXCONN from sysctl and file /proc/sys/net/core/somaxconn. Default: 128
[DEBUG][23-03-25][io.netty.channel.DefaultChannelId]-Dio.netty.machineId: 50:ed:3c:ff:fe:03:e6:67 (auto-detected)
[DEBUG][23-03-25][io.netty.util.ResourceLeakDetector]-Dio.netty.leakDetection.level: simple
[DEBUG][23-03-25][io.netty.util.ResourceLeakDetector]-Dio.netty.leakDetection.targetRecords: 4
[DEBUG][23-03-25][io.netty.buffer.PooledByteBufAllocator]-Dio.netty.allocator.numHeapArenas: 16
[DEBUG][23-03-25][io.netty.buffer.PooledByteBufAllocator]-Dio.netty.allocator.numDirectArenas: 16
[DEBUG][23-03-25][io.netty.buffer.PooledByteBufAllocator]-Dio.netty.allocator.pageSize: 8192
[DEBUG][23-03-25][io.netty.buffer.PooledByteBufAllocator]-Dio.netty.allocator.maxOrder: 11
[DEBUG][23-03-25][io.netty.buffer.PooledByteBufAllocator]-Dio.netty.allocator.chunkSize: 16777216
[DEBUG][23-03-25][io.netty.buffer.PooledByteBufAllocator]-Dio.netty.allocator.smallCacheSize: 256
[DEBUG][23-03-25][io.netty.buffer.PooledByteBufAllocator]-Dio.netty.allocator.normalCacheSize: 64
[DEBUG][23-03-25][io.netty.buffer.PooledByteBufAllocator]-Dio.netty.allocator.maxCachedBufferCapacity: 32768
[DEBUG][23-03-25][io.netty.buffer.PooledByteBufAllocator]-Dio.netty.allocator.cacheTrimInterval: 8192
[DEBUG][23-03-25][io.netty.buffer.PooledByteBufAllocator]-Dio.netty.allocator.cacheTrimIntervalMillis: 0
[DEBUG][23-03-25][io.netty.buffer.PooledByteBufAllocator]-Dio.netty.allocator.useCacheForAllThreads: true
[DEBUG][23-03-25][io.netty.buffer.PooledByteBufAllocator]-Dio.netty.allocator.maxCachedByteBuffersPerChunk: 1023
[DEBUG][23-03-25][io.netty.buffer.ByteBufUtil]-Dio.netty.allocator.type: pooled
[DEBUG][23-03-25][io.netty.buffer.ByteBufUtil]-Dio.netty.threadLocalDirectBufferSize: 0
[DEBUG][23-03-25][io.netty.buffer.ByteBufUtil]-Dio.netty.maxThreadLocalCharBufferSize: 16384
[INFO][23-03-25][com.tinymq.remote.netty.NettyRemotingClient]create channel successfully: 127.0.0.1:7800
[DEBUG][23-03-25][io.netty.util.Recycler]-Dio.netty.recycler.maxCapacityPerThread: 4096
[DEBUG][23-03-25][io.netty.util.Recycler]-Dio.netty.recycler.maxSharedCapacityFactor: 2
[DEBUG][23-03-25][io.netty.util.Recycler]-Dio.netty.recycler.linkCapacity: 16
[DEBUG][23-03-25][io.netty.util.Recycler]-Dio.netty.recycler.ratio: 8
[DEBUG][23-03-25][io.netty.util.Recycler]-Dio.netty.recycler.delayedQueue.ratio: 8
[DEBUG][23-03-25][io.netty.buffer.AbstractByteBuf]-Dio.netty.buffer.checkAccessible: true
[DEBUG][23-03-25][io.netty.buffer.AbstractByteBuf]-Dio.netty.buffer.checkBounds: true
[DEBUG][23-03-25][io.netty.util.ResourceLeakDetectorFactory]Loaded default ResourceLeakDetector: io.netty.util.ResourceLeakDetector@65384137
[INFO][23-03-25][com.tinymq.remote.netty.NettyRemotingServer]the remote channel 127.0.0.1:54859 pipeline is active
[DEBUG][23-03-25][io.netty.util.Recycler]-Dio.netty.recycler.maxCapacityPerThread: 4096
[DEBUG][23-03-25][io.netty.util.Recycler]-Dio.netty.recycler.maxSharedCapacityFactor: 2
[DEBUG][23-03-25][io.netty.util.Recycler]-Dio.netty.recycler.linkCapacity: 16
[DEBUG][23-03-25][io.netty.util.Recycler]-Dio.netty.recycler.ratio: 8
[DEBUG][23-03-25][io.netty.util.Recycler]-Dio.netty.recycler.delayedQueue.ratio: 8
[DEBUG][23-03-25][io.netty.buffer.AbstractByteBuf]-Dio.netty.buffer.checkAccessible: true
[DEBUG][23-03-25][io.netty.buffer.AbstractByteBuf]-Dio.netty.buffer.checkBounds: true
[DEBUG][23-03-25][io.netty.util.ResourceLeakDetectorFactory]Loaded default ResourceLeakDetector: io.netty.util.ResourceLeakDetector@28adb7d7
[WARN][23-03-25][com.tinymq.remote.netty.NettyRemotingServer]server pipeline triggered idle event, in channel 127.0.0.1:54859, close channel
[INFO][23-03-25][com.tinymq.remote.netty.NettyRemotingServer]the remote channel 127.0.0.1:54859 pipeline is inactivate
